{"D:\\Company\\PROJECTWSM\\backendwsm\\src\\index.ts": {"path":"D:\\Company\\PROJECTWSM\\backendwsm\\src\\index.ts","statementMap":{"0":{"start":{"line":1,"column":0},"end":{"line":1,"column":43}},"1":{"start":{"line":2,"column":0},"end":{"line":2,"column":28}},"2":{"start":{"line":3,"column":0},"end":{"line":3,"column":44}},"3":{"start":{"line":4,"column":0},"end":{"line":4,"column":37}},"4":{"start":{"line":5,"column":0},"end":{"line":5,"column":28}},"5":{"start":{"line":6,"column":0},"end":{"line":6,"column":50}},"6":{"start":{"line":7,"column":0},"end":{"line":7,"column":58}},"7":{"start":{"line":8,"column":0},"end":{"line":8,"column":24}},"8":{"start":{"line":9,"column":0},"end":{"line":9,"column":28}},"9":{"start":{"line":10,"column":0},"end":{"line":10,"column":41}},"10":{"start":{"line":11,"column":0},"end":{"line":11,"column":55}},"11":{"start":{"line":12,"column":0},"end":{"line":12,"column":36}},"12":{"start":{"line":13,"column":0},"end":{"line":13,"column":32}},"13":{"start":{"line":15,"column":0},"end":{"line":15,"column":16}},"14":{"start":{"line":17,"column":21},"end":{"line":17,"column":30}},"15":{"start":{"line":19,"column":0},"end":{"line":19,"column":27}},"16":{"start":{"line":21,"column":0},"end":{"line":25,"column":2}},"17":{"start":{"line":27,"column":0},"end":{"line":27,"column":47}},"18":{"start":{"line":28,"column":0},"end":{"line":28,"column":23}},"19":{"start":{"line":29,"column":0},"end":{"line":29,"column":24}},"20":{"start":{"line":30,"column":0},"end":{"line":35,"column":2}},"21":{"start":{"line":37,"column":0},"end":{"line":41,"column":2}},"22":{"start":{"line":44,"column":0},"end":{"line":44,"column":11}},"23":{"start":{"line":45,"column":13},"end":{"line":45,"column":37}},"24":{"start":{"line":46,"column":0},"end":{"line":46,"column":10}},"25":{"start":{"line":49,"column":0},"end":{"line":49,"column":17}},"26":{"start":{"line":51,"column":0},"end":{"line":51,"column":18}},"27":{"start":{"line":52,"column":0},"end":{"line":52,"column":22}},"28":{"start":{"line":53,"column":0},"end":{"line":55,"column":3}},"29":{"start":{"line":54,"column":2},"end":{"line":54,"column":76}},"30":{"start":{"line":57,"column":0},"end":{"line":57,"column":19}}},"fnMap":{"0":{"name":"(anonymous_1)","decl":{"start":{"line":53,"column":17},"end":{"line":53,"column":20}},"loc":{"start":{"line":53,"column":22},"end":{"line":55,"column":1}}}},"branchMap":{"0":{"loc":{"start":{"line":45,"column":13},"end":{"line":45,"column":37}},"type":"binary-expr","locations":[{"start":{"line":45,"column":13},"end":{"line":45,"column":29}},{"start":{"line":45,"column":33},"end":{"line":45,"column":37}}]}},"s":{"0":4,"1":4,"2":4,"3":4,"4":4,"5":4,"6":4,"7":4,"8":4,"9":4,"10":4,"11":4,"12":4,"13":4,"14":4,"15":4,"16":4,"17":4,"18":4,"19":4,"20":4,"21":4,"22":4,"23":4,"24":4,"25":4,"26":4,"27":4,"28":4,"29":0,"30":4},"f":{"0":0},"b":{"0":[4,0]}}
,"D:\\Company\\PROJECTWSM\\backendwsm\\src\\swagger.ts": {"path":"D:\\Company\\PROJECTWSM\\backendwsm\\src\\swagger.ts","statementMap":{"0":{"start":{"line":2,"column":0},"end":{"line":2,"column":41}},"1":{"start":{"line":3,"column":0},"end":{"line":3,"column":43}},"2":{"start":{"line":5,"column":37},"end":{"line":35,"column":2}},"3":{"start":{"line":37,"column":20},"end":{"line":37,"column":40}},"4":{"start":{"line":40,"column":2},"end":{"line":40,"column":66}},"5":{"start":{"line":41,"column":2},"end":{"line":44,"column":5}},"6":{"start":{"line":42,"column":4},"end":{"line":42,"column":51}},"7":{"start":{"line":43,"column":4},"end":{"line":43,"column":26}},"8":{"start":{"line":45,"column":2},"end":{"line":45,"column":77}},"9":{"start":{"line":48,"column":0},"end":{"line":48,"column":27}}},"fnMap":{"0":{"name":"swaggerDocs","decl":{"start":{"line":39,"column":9},"end":{"line":39,"column":20}},"loc":{"start":{"line":39,"column":33},"end":{"line":46,"column":1}}},"1":{"name":"(anonymous_2)","decl":{"start":{"line":41,"column":24},"end":{"line":41,"column":25}},"loc":{"start":{"line":41,"column":56},"end":{"line":44,"column":3}}}},"branchMap":{},"s":{"0":4,"1":4,"2":4,"3":4,"4":4,"5":4,"6":0,"7":0,"8":4,"9":4},"f":{"0":4,"1":0},"b":{}}
,"D:\\Company\\PROJECTWSM\\backendwsm\\src\\controllers\\departmentController.ts": {"path":"D:\\Company\\PROJECTWSM\\backendwsm\\src\\controllers\\departmentController.ts","statementMap":{"0":{"start":{"line":1,"column":0},"end":{"line":1,"column":64}},"1":{"start":{"line":3,"column":0},"end":{"line":3,"column":58}},"2":{"start":{"line":6,"column":26},"end":{"line":22,"column":2}},"3":{"start":{"line":10,"column":4},"end":{"line":22,"column":2}},"4":{"start":{"line":11,"column":22},"end":{"line":11,"column":74}},"5":{"start":{"line":13,"column":2},"end":{"line":15,"column":null}},"6":{"start":{"line":14,"column":4},"end":{"line":14,"column":59}},"7":{"start":{"line":17,"column":2},"end":{"line":21,"column":4}},"8":{"start":{"line":19,"column":6},"end":{"line":19,"column":42}},"9":{"start":{"line":24,"column":22},"end":{"line":30,"column":2}},"10":{"start":{"line":24,"column":76},"end":{"line":30,"column":2}},"11":{"start":{"line":25,"column":21},"end":{"line":25,"column":69}},"12":{"start":{"line":26,"column":2},"end":{"line":28,"column":null}},"13":{"start":{"line":27,"column":4},"end":{"line":27,"column":58}},"14":{"start":{"line":29,"column":2},"end":{"line":29,"column":68}},"15":{"start":{"line":32,"column":25},"end":{"line":46,"column":2}},"16":{"start":{"line":36,"column":4},"end":{"line":46,"column":2}},"17":{"start":{"line":37,"column":21},"end":{"line":39,"column":null}},"18":{"start":{"line":41,"column":2},"end":{"line":45,"column":null}},"19":{"start":{"line":42,"column":4},"end":{"line":42,"column":44}},"20":{"start":{"line":44,"column":4},"end":{"line":44,"column":58}},"21":{"start":{"line":48,"column":25},"end":{"line":55,"column":2}},"22":{"start":{"line":52,"column":4},"end":{"line":55,"column":2}},"23":{"start":{"line":53,"column":2},"end":{"line":53,"column":78}},"24":{"start":{"line":54,"column":2},"end":{"line":54,"column":54}},"25":{"start":{"line":57,"column":22},"end":{"line":65,"column":2}},"26":{"start":{"line":57,"column":76},"end":{"line":65,"column":2}},"27":{"start":{"line":58,"column":21},"end":{"line":59,"column":null}},"28":{"start":{"line":61,"column":2},"end":{"line":63,"column":null}},"29":{"start":{"line":62,"column":4},"end":{"line":62,"column":61}},"30":{"start":{"line":64,"column":2},"end":{"line":64,"column":42}},"31":{"start":{"line":67,"column":30},"end":{"line":73,"column":2}},"32":{"start":{"line":74,"column":0},"end":{"line":74,"column":37}}},"fnMap":{"0":{"name":"(anonymous_8)","decl":{"start":{"line":6,"column":26},"end":{"line":6,"column":null}},"loc":{"start":{"line":10,"column":4},"end":{"line":22,"column":2}}},"1":{"name":"(anonymous_9)","decl":{"start":{"line":10,"column":4},"end":{"line":10,"column":null}},"loc":{"start":{"line":10,"column":4},"end":{"line":22,"column":1}}},"2":{"name":"(anonymous_10)","decl":{"start":{"line":18,"column":21},"end":{"line":18,"column":22}},"loc":{"start":{"line":18,"column":74},"end":{"line":20,"column":5}}},"3":{"name":"(anonymous_11)","decl":{"start":{"line":24,"column":22},"end":{"line":24,"column":29}},"loc":{"start":{"line":24,"column":76},"end":{"line":30,"column":2}}},"4":{"name":"(anonymous_12)","decl":{"start":{"line":24,"column":76},"end":{"line":24,"column":null}},"loc":{"start":{"line":24,"column":76},"end":{"line":30,"column":1}}},"5":{"name":"(anonymous_13)","decl":{"start":{"line":32,"column":25},"end":{"line":32,"column":null}},"loc":{"start":{"line":36,"column":4},"end":{"line":46,"column":2}}},"6":{"name":"(anonymous_14)","decl":{"start":{"line":36,"column":4},"end":{"line":36,"column":null}},"loc":{"start":{"line":36,"column":4},"end":{"line":46,"column":1}}},"7":{"name":"(anonymous_15)","decl":{"start":{"line":48,"column":25},"end":{"line":48,"column":null}},"loc":{"start":{"line":52,"column":4},"end":{"line":55,"column":2}}},"8":{"name":"(anonymous_16)","decl":{"start":{"line":52,"column":4},"end":{"line":52,"column":null}},"loc":{"start":{"line":52,"column":4},"end":{"line":55,"column":1}}},"9":{"name":"(anonymous_17)","decl":{"start":{"line":57,"column":22},"end":{"line":57,"column":29}},"loc":{"start":{"line":57,"column":76},"end":{"line":65,"column":2}}},"10":{"name":"(anonymous_18)","decl":{"start":{"line":57,"column":76},"end":{"line":57,"column":null}},"loc":{"start":{"line":57,"column":76},"end":{"line":65,"column":1}}}},"branchMap":{"0":{"loc":{"start":{"line":13,"column":2},"end":{"line":15,"column":null}},"type":"if","locations":[{"start":{"line":13,"column":2},"end":{"line":15,"column":null}}]},"1":{"loc":{"start":{"line":26,"column":2},"end":{"line":28,"column":null}},"type":"if","locations":[{"start":{"line":26,"column":2},"end":{"line":28,"column":null}}]},"2":{"loc":{"start":{"line":41,"column":2},"end":{"line":45,"column":null}},"type":"if","locations":[{"start":{"line":41,"column":2},"end":{"line":45,"column":null}},{"start":{"line":43,"column":9},"end":{"line":45,"column":null}}]},"3":{"loc":{"start":{"line":61,"column":2},"end":{"line":63,"column":null}},"type":"if","locations":[{"start":{"line":61,"column":2},"end":{"line":63,"column":null}}]}},"s":{"0":4,"1":4,"2":4,"3":0,"4":0,"5":0,"6":0,"7":0,"8":0,"9":4,"10":0,"11":0,"12":0,"13":0,"14":0,"15":4,"16":0,"17":0,"18":0,"19":0,"20":0,"21":4,"22":0,"23":0,"24":0,"25":4,"26":0,"27":0,"28":0,"29":0,"30":0,"31":4,"32":4},"f":{"0":0,"1":0,"2":0,"3":0,"4":0,"5":0,"6":0,"7":0,"8":0,"9":0,"10":0},"b":{"0":[0],"1":[0],"2":[0,0],"3":[0]}}
,"D:\\Company\\PROJECTWSM\\backendwsm\\src\\controllers\\requestController.ts": {"path":"D:\\Company\\PROJECTWSM\\backendwsm\\src\\controllers\\requestController.ts","statementMap":{"0":{"start":{"line":1,"column":0},"end":{"line":1,"column":58}},"1":{"start":{"line":2,"column":0},"end":{"line":2,"column":58}},"2":{"start":{"line":4,"column":0},"end":{"line":4,"column":58}},"3":{"start":{"line":5,"column":0},"end":{"line":5,"column":61}},"4":{"start":{"line":7,"column":19},"end":{"line":11,"column":2}},"5":{"start":{"line":7,"column":57},"end":{"line":11,"column":2}},"6":{"start":{"line":8,"column":2},"end":{"line":8,"column":79}},"7":{"start":{"line":9,"column":2},"end":{"line":9,"column":46}},"8":{"start":{"line":10,"column":2},"end":{"line":10,"column":44}},"9":{"start":{"line":13,"column":20},"end":{"line":25,"column":2}},"10":{"start":{"line":13,"column":58},"end":{"line":25,"column":2}},"11":{"start":{"line":14,"column":19},"end":{"line":18,"column":null}},"12":{"start":{"line":20,"column":2},"end":{"line":24,"column":null}},"13":{"start":{"line":21,"column":4},"end":{"line":21,"column":35}},"14":{"start":{"line":23,"column":4},"end":{"line":23,"column":76}},"15":{"start":{"line":27,"column":22},"end":{"line":35,"column":2}},"16":{"start":{"line":27,"column":76},"end":{"line":35,"column":2}},"17":{"start":{"line":28,"column":19},"end":{"line":29,"column":null}},"18":{"start":{"line":31,"column":2},"end":{"line":33,"column":null}},"19":{"start":{"line":32,"column":4},"end":{"line":32,"column":54}},"20":{"start":{"line":34,"column":2},"end":{"line":34,"column":43}},"21":{"start":{"line":37,"column":29},"end":{"line":51,"column":2}},"22":{"start":{"line":41,"column":4},"end":{"line":51,"column":2}},"23":{"start":{"line":42,"column":19},"end":{"line":45,"column":null}},"24":{"start":{"line":47,"column":2},"end":{"line":49,"column":null}},"25":{"start":{"line":48,"column":4},"end":{"line":48,"column":53}},"26":{"start":{"line":50,"column":2},"end":{"line":50,"column":43}},"27":{"start":{"line":53,"column":28},"end":{"line":71,"column":2}},"28":{"start":{"line":57,"column":4},"end":{"line":71,"column":2}},"29":{"start":{"line":58,"column":2},"end":{"line":70,"column":null}},"30":{"start":{"line":59,"column":21},"end":{"line":59,"column":78}},"31":{"start":{"line":60,"column":4},"end":{"line":62,"column":null}},"32":{"start":{"line":61,"column":6},"end":{"line":61,"column":56}},"33":{"start":{"line":63,"column":4},"end":{"line":63,"column":45}},"34":{"start":{"line":64,"column":9},"end":{"line":70,"column":null}},"35":{"start":{"line":65,"column":21},"end":{"line":65,"column":58}},"36":{"start":{"line":66,"column":4},"end":{"line":68,"column":null}},"37":{"start":{"line":67,"column":6},"end":{"line":67,"column":56}},"38":{"start":{"line":69,"column":4},"end":{"line":69,"column":45}},"39":{"start":{"line":73,"column":22},"end":{"line":83,"column":2}},"40":{"start":{"line":73,"column":72},"end":{"line":83,"column":2}},"41":{"start":{"line":74,"column":18},"end":{"line":76,"column":null}},"42":{"start":{"line":78,"column":2},"end":{"line":80,"column":null}},"43":{"start":{"line":79,"column":4},"end":{"line":79,"column":54}},"44":{"start":{"line":81,"column":2},"end":{"line":81,"column":32}},"45":{"start":{"line":82,"column":2},"end":{"line":82,"column":46}},"46":{"start":{"line":85,"column":22},"end":{"line":95,"column":2}},"47":{"start":{"line":85,"column":72},"end":{"line":95,"column":2}},"48":{"start":{"line":86,"column":18},"end":{"line":88,"column":null}},"49":{"start":{"line":90,"column":2},"end":{"line":92,"column":null}},"50":{"start":{"line":91,"column":4},"end":{"line":91,"column":54}},"51":{"start":{"line":93,"column":2},"end":{"line":93,"column":32}},"52":{"start":{"line":94,"column":2},"end":{"line":94,"column":47}},"53":{"start":{"line":97,"column":22},"end":{"line":100,"column":2}},"54":{"start":{"line":97,"column":76},"end":{"line":100,"column":2}},"55":{"start":{"line":98,"column":19},"end":{"line":98,"column":77}},"56":{"start":{"line":99,"column":2},"end":{"line":99,"column":33}},"57":{"start":{"line":102,"column":19},"end":{"line":108,"column":2}},"58":{"start":{"line":102,"column":73},"end":{"line":108,"column":2}},"59":{"start":{"line":103,"column":18},"end":{"line":103,"column":73}},"60":{"start":{"line":104,"column":2},"end":{"line":106,"column":null}},"61":{"start":{"line":105,"column":4},"end":{"line":105,"column":57}},"62":{"start":{"line":107,"column":2},"end":{"line":107,"column":32}},"63":{"start":{"line":110,"column":26},"end":{"line":120,"column":2}},"64":{"start":{"line":122,"column":0},"end":{"line":122,"column":33}}},"fnMap":{"0":{"name":"(anonymous_8)","decl":{"start":{"line":7,"column":19},"end":{"line":7,"column":26}},"loc":{"start":{"line":7,"column":57},"end":{"line":11,"column":2}}},"1":{"name":"(anonymous_9)","decl":{"start":{"line":7,"column":57},"end":{"line":7,"column":null}},"loc":{"start":{"line":7,"column":57},"end":{"line":11,"column":1}}},"2":{"name":"(anonymous_10)","decl":{"start":{"line":13,"column":20},"end":{"line":13,"column":27}},"loc":{"start":{"line":13,"column":58},"end":{"line":25,"column":2}}},"3":{"name":"(anonymous_11)","decl":{"start":{"line":13,"column":58},"end":{"line":13,"column":null}},"loc":{"start":{"line":13,"column":58},"end":{"line":25,"column":1}}},"4":{"name":"(anonymous_12)","decl":{"start":{"line":27,"column":22},"end":{"line":27,"column":29}},"loc":{"start":{"line":27,"column":76},"end":{"line":35,"column":2}}},"5":{"name":"(anonymous_13)","decl":{"start":{"line":27,"column":76},"end":{"line":27,"column":null}},"loc":{"start":{"line":27,"column":76},"end":{"line":35,"column":1}}},"6":{"name":"(anonymous_14)","decl":{"start":{"line":37,"column":29},"end":{"line":37,"column":null}},"loc":{"start":{"line":41,"column":4},"end":{"line":51,"column":2}}},"7":{"name":"(anonymous_15)","decl":{"start":{"line":41,"column":4},"end":{"line":41,"column":null}},"loc":{"start":{"line":41,"column":4},"end":{"line":51,"column":1}}},"8":{"name":"(anonymous_16)","decl":{"start":{"line":53,"column":28},"end":{"line":53,"column":null}},"loc":{"start":{"line":57,"column":4},"end":{"line":71,"column":2}}},"9":{"name":"(anonymous_17)","decl":{"start":{"line":57,"column":4},"end":{"line":57,"column":null}},"loc":{"start":{"line":57,"column":4},"end":{"line":71,"column":1}}},"10":{"name":"(anonymous_18)","decl":{"start":{"line":73,"column":22},"end":{"line":73,"column":29}},"loc":{"start":{"line":73,"column":72},"end":{"line":83,"column":2}}},"11":{"name":"(anonymous_19)","decl":{"start":{"line":73,"column":72},"end":{"line":73,"column":null}},"loc":{"start":{"line":73,"column":72},"end":{"line":83,"column":1}}},"12":{"name":"(anonymous_20)","decl":{"start":{"line":85,"column":22},"end":{"line":85,"column":29}},"loc":{"start":{"line":85,"column":72},"end":{"line":95,"column":2}}},"13":{"name":"(anonymous_21)","decl":{"start":{"line":85,"column":72},"end":{"line":85,"column":null}},"loc":{"start":{"line":85,"column":72},"end":{"line":95,"column":1}}},"14":{"name":"(anonymous_22)","decl":{"start":{"line":97,"column":22},"end":{"line":97,"column":29}},"loc":{"start":{"line":97,"column":76},"end":{"line":100,"column":2}}},"15":{"name":"(anonymous_23)","decl":{"start":{"line":97,"column":76},"end":{"line":97,"column":null}},"loc":{"start":{"line":97,"column":76},"end":{"line":100,"column":1}}},"16":{"name":"(anonymous_24)","decl":{"start":{"line":102,"column":19},"end":{"line":102,"column":26}},"loc":{"start":{"line":102,"column":73},"end":{"line":108,"column":2}}},"17":{"name":"(anonymous_25)","decl":{"start":{"line":102,"column":73},"end":{"line":102,"column":null}},"loc":{"start":{"line":102,"column":73},"end":{"line":108,"column":1}}}},"branchMap":{"0":{"loc":{"start":{"line":20,"column":2},"end":{"line":24,"column":null}},"type":"if","locations":[{"start":{"line":20,"column":2},"end":{"line":24,"column":null}},{"start":{"line":22,"column":9},"end":{"line":24,"column":null}}]},"1":{"loc":{"start":{"line":31,"column":2},"end":{"line":33,"column":null}},"type":"if","locations":[{"start":{"line":31,"column":2},"end":{"line":33,"column":null}}]},"2":{"loc":{"start":{"line":47,"column":2},"end":{"line":49,"column":null}},"type":"if","locations":[{"start":{"line":47,"column":2},"end":{"line":49,"column":null}}]},"3":{"loc":{"start":{"line":58,"column":2},"end":{"line":70,"column":null}},"type":"if","locations":[{"start":{"line":58,"column":2},"end":{"line":70,"column":null}},{"start":{"line":64,"column":9},"end":{"line":70,"column":null}}]},"4":{"loc":{"start":{"line":60,"column":4},"end":{"line":62,"column":null}},"type":"if","locations":[{"start":{"line":60,"column":4},"end":{"line":62,"column":null}}]},"5":{"loc":{"start":{"line":64,"column":9},"end":{"line":70,"column":null}},"type":"if","locations":[{"start":{"line":64,"column":9},"end":{"line":70,"column":null}}]},"6":{"loc":{"start":{"line":66,"column":4},"end":{"line":68,"column":null}},"type":"if","locations":[{"start":{"line":66,"column":4},"end":{"line":68,"column":null}}]},"7":{"loc":{"start":{"line":78,"column":2},"end":{"line":80,"column":null}},"type":"if","locations":[{"start":{"line":78,"column":2},"end":{"line":80,"column":null}}]},"8":{"loc":{"start":{"line":90,"column":2},"end":{"line":92,"column":null}},"type":"if","locations":[{"start":{"line":90,"column":2},"end":{"line":92,"column":null}}]},"9":{"loc":{"start":{"line":104,"column":2},"end":{"line":106,"column":null}},"type":"if","locations":[{"start":{"line":104,"column":2},"end":{"line":106,"column":null}}]}},"s":{"0":4,"1":4,"2":4,"3":4,"4":4,"5":0,"6":0,"7":0,"8":0,"9":4,"10":0,"11":0,"12":0,"13":0,"14":0,"15":4,"16":0,"17":0,"18":0,"19":0,"20":0,"21":4,"22":0,"23":0,"24":0,"25":0,"26":0,"27":4,"28":0,"29":0,"30":0,"31":0,"32":0,"33":0,"34":0,"35":0,"36":0,"37":0,"38":0,"39":4,"40":0,"41":0,"42":0,"43":0,"44":0,"45":0,"46":4,"47":0,"48":0,"49":0,"50":0,"51":0,"52":0,"53":4,"54":0,"55":0,"56":0,"57":4,"58":0,"59":0,"60":0,"61":0,"62":0,"63":4,"64":4},"f":{"0":0,"1":0,"2":0,"3":0,"4":0,"5":0,"6":0,"7":0,"8":0,"9":0,"10":0,"11":0,"12":0,"13":0,"14":0,"15":0,"16":0,"17":0},"b":{"0":[0,0],"1":[0],"2":[0],"3":[0,0],"4":[0],"5":[0],"6":[0],"7":[0],"8":[0],"9":[0]}}
,"D:\\Company\\PROJECTWSM\\backendwsm\\src\\controllers\\timeKeepingController.ts": {"path":"D:\\Company\\PROJECTWSM\\backendwsm\\src\\controllers\\timeKeepingController.ts","statementMap":{"0":{"start":{"line":1,"column":0},"end":{"line":1,"column":66}},"1":{"start":{"line":2,"column":0},"end":{"line":2,"column":58}},"2":{"start":{"line":5,"column":16},"end":{"line":11,"column":2}},"3":{"start":{"line":5,"column":70},"end":{"line":11,"column":2}},"4":{"start":{"line":6,"column":22},"end":{"line":6,"column":73}},"5":{"start":{"line":7,"column":2},"end":{"line":9,"column":null}},"6":{"start":{"line":8,"column":4},"end":{"line":8,"column":62}},"7":{"start":{"line":10,"column":2},"end":{"line":10,"column":47}},"8":{"start":{"line":13,"column":18},"end":{"line":19,"column":2}},"9":{"start":{"line":13,"column":72},"end":{"line":19,"column":2}},"10":{"start":{"line":14,"column":22},"end":{"line":14,"column":74}},"11":{"start":{"line":15,"column":2},"end":{"line":17,"column":null}},"12":{"start":{"line":16,"column":4},"end":{"line":16,"column":62}},"13":{"start":{"line":18,"column":2},"end":{"line":18,"column":48}},"14":{"start":{"line":21,"column":26},"end":{"line":33,"column":2}},"15":{"start":{"line":25,"column":4},"end":{"line":33,"column":2}},"16":{"start":{"line":26,"column":23},"end":{"line":27,"column":null}},"17":{"start":{"line":29,"column":2},"end":{"line":31,"column":null}},"18":{"start":{"line":30,"column":4},"end":{"line":30,"column":62}},"19":{"start":{"line":32,"column":2},"end":{"line":32,"column":37}},"20":{"start":{"line":35,"column":23},"end":{"line":52,"column":2}},"21":{"start":{"line":35,"column":77},"end":{"line":52,"column":2}},"22":{"start":{"line":36,"column":22},"end":{"line":37,"column":null}},"23":{"start":{"line":40,"column":2},"end":{"line":51,"column":null}},"24":{"start":{"line":41,"column":4},"end":{"line":41,"column":30}},"25":{"start":{"line":43,"column":4},"end":{"line":50,"column":null}},"26":{"start":{"line":44,"column":6},"end":{"line":44,"column":32}},"27":{"start":{"line":45,"column":11},"end":{"line":50,"column":null}},"28":{"start":{"line":49,"column":6},"end":{"line":49,"column":32}},"29":{"start":{"line":54,"column":30},"end":{"line":59,"column":2}},"30":{"start":{"line":61,"column":0},"end":{"line":61,"column":37}}},"fnMap":{"0":{"name":"(anonymous_8)","decl":{"start":{"line":5,"column":16},"end":{"line":5,"column":23}},"loc":{"start":{"line":5,"column":70},"end":{"line":11,"column":2}}},"1":{"name":"(anonymous_9)","decl":{"start":{"line":5,"column":70},"end":{"line":5,"column":null}},"loc":{"start":{"line":5,"column":70},"end":{"line":11,"column":1}}},"2":{"name":"(anonymous_10)","decl":{"start":{"line":13,"column":18},"end":{"line":13,"column":25}},"loc":{"start":{"line":13,"column":72},"end":{"line":19,"column":2}}},"3":{"name":"(anonymous_11)","decl":{"start":{"line":13,"column":72},"end":{"line":13,"column":null}},"loc":{"start":{"line":13,"column":72},"end":{"line":19,"column":1}}},"4":{"name":"(anonymous_12)","decl":{"start":{"line":21,"column":26},"end":{"line":21,"column":null}},"loc":{"start":{"line":25,"column":4},"end":{"line":33,"column":2}}},"5":{"name":"(anonymous_13)","decl":{"start":{"line":25,"column":4},"end":{"line":25,"column":null}},"loc":{"start":{"line":25,"column":4},"end":{"line":33,"column":1}}},"6":{"name":"(anonymous_14)","decl":{"start":{"line":35,"column":23},"end":{"line":35,"column":30}},"loc":{"start":{"line":35,"column":77},"end":{"line":52,"column":2}}},"7":{"name":"(anonymous_15)","decl":{"start":{"line":35,"column":77},"end":{"line":35,"column":null}},"loc":{"start":{"line":35,"column":77},"end":{"line":52,"column":1}}}},"branchMap":{"0":{"loc":{"start":{"line":7,"column":2},"end":{"line":9,"column":null}},"type":"if","locations":[{"start":{"line":7,"column":2},"end":{"line":9,"column":null}}]},"1":{"loc":{"start":{"line":15,"column":2},"end":{"line":17,"column":null}},"type":"if","locations":[{"start":{"line":15,"column":2},"end":{"line":17,"column":null}}]},"2":{"loc":{"start":{"line":29,"column":2},"end":{"line":31,"column":null}},"type":"if","locations":[{"start":{"line":29,"column":2},"end":{"line":31,"column":null}}]},"3":{"loc":{"start":{"line":40,"column":2},"end":{"line":51,"column":null}},"type":"if","locations":[{"start":{"line":40,"column":2},"end":{"line":51,"column":null}},{"start":{"line":42,"column":9},"end":{"line":51,"column":null}}]},"4":{"loc":{"start":{"line":43,"column":4},"end":{"line":50,"column":null}},"type":"if","locations":[{"start":{"line":43,"column":4},"end":{"line":50,"column":null}},{"start":{"line":45,"column":11},"end":{"line":50,"column":null}}]},"5":{"loc":{"start":{"line":45,"column":11},"end":{"line":50,"column":null}},"type":"if","locations":[{"start":{"line":45,"column":11},"end":{"line":50,"column":null}}]},"6":{"loc":{"start":{"line":46,"column":6},"end":{"line":47,"column":35}},"type":"binary-expr","locations":[{"start":{"line":46,"column":6},"end":{"line":46,"column":36}},{"start":{"line":47,"column":6},"end":{"line":47,"column":35}}]}},"s":{"0":4,"1":4,"2":4,"3":0,"4":0,"5":0,"6":0,"7":0,"8":4,"9":0,"10":0,"11":0,"12":0,"13":0,"14":4,"15":0,"16":0,"17":0,"18":0,"19":0,"20":4,"21":0,"22":0,"23":0,"24":0,"25":0,"26":0,"27":0,"28":0,"29":4,"30":4},"f":{"0":0,"1":0,"2":0,"3":0,"4":0,"5":0,"6":0,"7":0},"b":{"0":[0],"1":[0],"2":[0],"3":[0,0],"4":[0,0],"5":[0],"6":[0,0]}}
,"D:\\Company\\PROJECTWSM\\backendwsm\\src\\controllers\\uploadController.ts": {"path":"D:\\Company\\PROJECTWSM\\backendwsm\\src\\controllers\\uploadController.ts","statementMap":{"0":{"start":{"line":2,"column":0},"end":{"line":2,"column":28}},"1":{"start":{"line":3,"column":0},"end":{"line":3,"column":55}},"2":{"start":{"line":6,"column":2},"end":{"line":14,"column":5}},"3":{"start":{"line":7,"column":4},"end":{"line":13,"column":null}},"4":{"start":{"line":8,"column":6},"end":{"line":8,"column":56}},"5":{"start":{"line":9,"column":11},"end":{"line":13,"column":null}},"6":{"start":{"line":10,"column":6},"end":{"line":10,"column":56}},"7":{"start":{"line":12,"column":6},"end":{"line":12,"column":43}},"8":{"start":{"line":5,"column":0},"end":{"line":5,"column":16}}},"fnMap":{"0":{"name":"uploadController","decl":{"start":{"line":5,"column":16},"end":{"line":5,"column":32}},"loc":{"start":{"line":5,"column":76},"end":{"line":15,"column":1}}},"1":{"name":"(anonymous_2)","decl":{"start":{"line":6,"column":33},"end":{"line":6,"column":34}},"loc":{"start":{"line":6,"column":41},"end":{"line":14,"column":3}}}},"branchMap":{"0":{"loc":{"start":{"line":7,"column":4},"end":{"line":13,"column":null}},"type":"if","locations":[{"start":{"line":7,"column":4},"end":{"line":13,"column":null}},{"start":{"line":9,"column":11},"end":{"line":13,"column":null}}]},"1":{"loc":{"start":{"line":9,"column":11},"end":{"line":13,"column":null}},"type":"if","locations":[{"start":{"line":9,"column":11},"end":{"line":13,"column":null}},{"start":{"line":11,"column":11},"end":{"line":13,"column":null}}]}},"s":{"0":4,"1":4,"2":0,"3":0,"4":0,"5":0,"6":0,"7":0,"8":4},"f":{"0":0,"1":0},"b":{"0":[0,0],"1":[0,0]}}
,"D:\\Company\\PROJECTWSM\\backendwsm\\src\\controllers\\userController.ts": {"path":"D:\\Company\\PROJECTWSM\\backendwsm\\src\\controllers\\userController.ts","statementMap":{"0":{"start":{"line":1,"column":0},"end":{"line":1,"column":52}},"1":{"start":{"line":2,"column":0},"end":{"line":2,"column":58}},"2":{"start":{"line":6,"column":14},"end":{"line":20,"column":2}},"3":{"start":{"line":6,"column":68},"end":{"line":20,"column":2}},"4":{"start":{"line":7,"column":15},"end":{"line":7,"column":49}},"5":{"start":{"line":8,"column":2},"end":{"line":12,"column":5}},"6":{"start":{"line":13,"column":2},"end":{"line":17,"column":5}},"7":{"start":{"line":19,"column":2},"end":{"line":19,"column":48}},"8":{"start":{"line":22,"column":15},"end":{"line":29,"column":1}},"9":{"start":{"line":23,"column":18},"end":{"line":23,"column":39}},"10":{"start":{"line":24,"column":2},"end":{"line":24,"column":27}},"11":{"start":{"line":25,"column":2},"end":{"line":25,"column":34}},"12":{"start":{"line":26,"column":2},"end":{"line":28,"column":5}},"13":{"start":{"line":30,"column":15},"end":{"line":37,"column":2}},"14":{"start":{"line":30,"column":69},"end":{"line":37,"column":2}},"15":{"start":{"line":31,"column":15},"end":{"line":31,"column":50}},"16":{"start":{"line":32,"column":2},"end":{"line":36,"column":null}},"17":{"start":{"line":33,"column":4},"end":{"line":33,"column":38}},"18":{"start":{"line":35,"column":4},"end":{"line":35,"column":55}},"19":{"start":{"line":39,"column":20},"end":{"line":60,"column":2}},"20":{"start":{"line":39,"column":74},"end":{"line":60,"column":2}},"21":{"start":{"line":40,"column":15},"end":{"line":40,"column":55}},"22":{"start":{"line":41,"column":2},"end":{"line":45,"column":null}},"23":{"start":{"line":42,"column":4},"end":{"line":42,"column":57}},"24":{"start":{"line":43,"column":9},"end":{"line":45,"column":null}},"25":{"start":{"line":44,"column":4},"end":{"line":44,"column":50}},"26":{"start":{"line":47,"column":16},"end":{"line":47,"column":45}},"27":{"start":{"line":48,"column":25},"end":{"line":49,"column":null}},"28":{"start":{"line":51,"column":2},"end":{"line":59,"column":5}},"29":{"start":{"line":62,"column":23},"end":{"line":81,"column":2}},"30":{"start":{"line":62,"column":77},"end":{"line":81,"column":2}},"31":{"start":{"line":63,"column":15},"end":{"line":63,"column":76}},"32":{"start":{"line":64,"column":2},"end":{"line":80,"column":null}},"33":{"start":{"line":65,"column":18},"end":{"line":65,"column":47}},"34":{"start":{"line":66,"column":27},"end":{"line":67,"column":null}},"35":{"start":{"line":69,"column":4},"end":{"line":77,"column":7}},"36":{"start":{"line":79,"column":4},"end":{"line":79,"column":58}},"37":{"start":{"line":83,"column":25},"end":{"line":97,"column":2}},"38":{"start":{"line":87,"column":4},"end":{"line":97,"column":2}},"39":{"start":{"line":88,"column":15},"end":{"line":90,"column":null}},"40":{"start":{"line":92,"column":2},"end":{"line":96,"column":null}},"41":{"start":{"line":93,"column":4},"end":{"line":93,"column":31}},"42":{"start":{"line":95,"column":4},"end":{"line":95,"column":58}},"43":{"start":{"line":99,"column":19},"end":{"line":102,"column":2}},"44":{"start":{"line":99,"column":73},"end":{"line":102,"column":2}},"45":{"start":{"line":100,"column":2},"end":{"line":100,"column":55}},"46":{"start":{"line":101,"column":2},"end":{"line":101,"column":47}},"47":{"start":{"line":104,"column":19},"end":{"line":115,"column":2}},"48":{"start":{"line":104,"column":73},"end":{"line":115,"column":2}},"49":{"start":{"line":105,"column":16},"end":{"line":105,"column":48}},"50":{"start":{"line":106,"column":2},"end":{"line":114,"column":null}},"51":{"start":{"line":107,"column":4},"end":{"line":111,"column":6}},"52":{"start":{"line":109,"column":8},"end":{"line":109,"column":54}},"53":{"start":{"line":113,"column":4},"end":{"line":113,"column":58}},"54":{"start":{"line":117,"column":31},"end":{"line":134,"column":2}},"55":{"start":{"line":121,"column":4},"end":{"line":134,"column":2}},"56":{"start":{"line":122,"column":16},"end":{"line":123,"column":null}},"57":{"start":{"line":125,"column":2},"end":{"line":133,"column":null}},"58":{"start":{"line":126,"column":4},"end":{"line":130,"column":6}},"59":{"start":{"line":128,"column":8},"end":{"line":128,"column":54}},"60":{"start":{"line":132,"column":4},"end":{"line":132,"column":58}},"61":{"start":{"line":136,"column":22},"end":{"line":142,"column":2}},"62":{"start":{"line":136,"column":60},"end":{"line":142,"column":2}},"63":{"start":{"line":137,"column":17},"end":{"line":137,"column":72}},"64":{"start":{"line":138,"column":2},"end":{"line":140,"column":null}},"65":{"start":{"line":139,"column":4},"end":{"line":139,"column":56}},"66":{"start":{"line":141,"column":2},"end":{"line":141,"column":31}},"67":{"start":{"line":144,"column":23},"end":{"line":147,"column":2}},"68":{"start":{"line":144,"column":61},"end":{"line":147,"column":2}},"69":{"start":{"line":145,"column":2},"end":{"line":145,"column":59}},"70":{"start":{"line":146,"column":2},"end":{"line":146,"column":47}},"71":{"start":{"line":149,"column":23},"end":{"line":161,"column":2}},"72":{"start":{"line":162,"column":0},"end":{"line":162,"column":30}}},"fnMap":{"0":{"name":"(anonymous_8)","decl":{"start":{"line":6,"column":14},"end":{"line":6,"column":21}},"loc":{"start":{"line":6,"column":68},"end":{"line":20,"column":2}}},"1":{"name":"(anonymous_9)","decl":{"start":{"line":6,"column":68},"end":{"line":6,"column":null}},"loc":{"start":{"line":6,"column":68},"end":{"line":20,"column":1}}},"2":{"name":"(anonymous_10)","decl":{"start":{"line":22,"column":15},"end":{"line":22,"column":16}},"loc":{"start":{"line":22,"column":63},"end":{"line":29,"column":1}}},"3":{"name":"(anonymous_11)","decl":{"start":{"line":30,"column":15},"end":{"line":30,"column":22}},"loc":{"start":{"line":30,"column":69},"end":{"line":37,"column":2}}},"4":{"name":"(anonymous_12)","decl":{"start":{"line":30,"column":69},"end":{"line":30,"column":null}},"loc":{"start":{"line":30,"column":69},"end":{"line":37,"column":1}}},"5":{"name":"(anonymous_13)","decl":{"start":{"line":39,"column":20},"end":{"line":39,"column":27}},"loc":{"start":{"line":39,"column":74},"end":{"line":60,"column":2}}},"6":{"name":"(anonymous_14)","decl":{"start":{"line":39,"column":74},"end":{"line":39,"column":null}},"loc":{"start":{"line":39,"column":74},"end":{"line":60,"column":1}}},"7":{"name":"(anonymous_15)","decl":{"start":{"line":62,"column":23},"end":{"line":62,"column":30}},"loc":{"start":{"line":62,"column":77},"end":{"line":81,"column":2}}},"8":{"name":"(anonymous_16)","decl":{"start":{"line":62,"column":77},"end":{"line":62,"column":null}},"loc":{"start":{"line":62,"column":77},"end":{"line":81,"column":1}}},"9":{"name":"(anonymous_17)","decl":{"start":{"line":83,"column":25},"end":{"line":83,"column":null}},"loc":{"start":{"line":87,"column":4},"end":{"line":97,"column":2}}},"10":{"name":"(anonymous_18)","decl":{"start":{"line":87,"column":4},"end":{"line":87,"column":null}},"loc":{"start":{"line":87,"column":4},"end":{"line":97,"column":1}}},"11":{"name":"(anonymous_19)","decl":{"start":{"line":99,"column":19},"end":{"line":99,"column":26}},"loc":{"start":{"line":99,"column":73},"end":{"line":102,"column":2}}},"12":{"name":"(anonymous_20)","decl":{"start":{"line":99,"column":73},"end":{"line":99,"column":null}},"loc":{"start":{"line":99,"column":73},"end":{"line":102,"column":1}}},"13":{"name":"(anonymous_21)","decl":{"start":{"line":104,"column":19},"end":{"line":104,"column":26}},"loc":{"start":{"line":104,"column":73},"end":{"line":115,"column":2}}},"14":{"name":"(anonymous_22)","decl":{"start":{"line":104,"column":73},"end":{"line":104,"column":null}},"loc":{"start":{"line":104,"column":73},"end":{"line":115,"column":1}}},"15":{"name":"(anonymous_23)","decl":{"start":{"line":108,"column":17},"end":{"line":108,"column":18}},"loc":{"start":{"line":108,"column":58},"end":{"line":110,"column":7}}},"16":{"name":"(anonymous_24)","decl":{"start":{"line":117,"column":31},"end":{"line":117,"column":null}},"loc":{"start":{"line":121,"column":4},"end":{"line":134,"column":2}}},"17":{"name":"(anonymous_25)","decl":{"start":{"line":121,"column":4},"end":{"line":121,"column":null}},"loc":{"start":{"line":121,"column":4},"end":{"line":134,"column":1}}},"18":{"name":"(anonymous_26)","decl":{"start":{"line":127,"column":17},"end":{"line":127,"column":18}},"loc":{"start":{"line":127,"column":58},"end":{"line":129,"column":7}}},"19":{"name":"(anonymous_27)","decl":{"start":{"line":136,"column":22},"end":{"line":136,"column":29}},"loc":{"start":{"line":136,"column":60},"end":{"line":142,"column":2}}},"20":{"name":"(anonymous_28)","decl":{"start":{"line":136,"column":60},"end":{"line":136,"column":null}},"loc":{"start":{"line":136,"column":60},"end":{"line":142,"column":1}}},"21":{"name":"(anonymous_29)","decl":{"start":{"line":144,"column":23},"end":{"line":144,"column":30}},"loc":{"start":{"line":144,"column":61},"end":{"line":147,"column":2}}},"22":{"name":"(anonymous_30)","decl":{"start":{"line":144,"column":61},"end":{"line":144,"column":null}},"loc":{"start":{"line":144,"column":61},"end":{"line":147,"column":1}}}},"branchMap":{"0":{"loc":{"start":{"line":32,"column":2},"end":{"line":36,"column":null}},"type":"if","locations":[{"start":{"line":32,"column":2},"end":{"line":36,"column":null}},{"start":{"line":34,"column":9},"end":{"line":36,"column":null}}]},"1":{"loc":{"start":{"line":41,"column":2},"end":{"line":45,"column":null}},"type":"if","locations":[{"start":{"line":41,"column":2},"end":{"line":45,"column":null}},{"start":{"line":43,"column":9},"end":{"line":45,"column":null}}]},"2":{"loc":{"start":{"line":41,"column":6},"end":{"line":41,"column":43}},"type":"binary-expr","locations":[{"start":{"line":41,"column":6},"end":{"line":41,"column":11}},{"start":{"line":41,"column":15},"end":{"line":41,"column":43}}]},"3":{"loc":{"start":{"line":43,"column":9},"end":{"line":45,"column":null}},"type":"if","locations":[{"start":{"line":43,"column":9},"end":{"line":45,"column":null}}]},"4":{"loc":{"start":{"line":43,"column":13},"end":{"line":43,"column":48}},"type":"binary-expr","locations":[{"start":{"line":43,"column":13},"end":{"line":43,"column":18}},{"start":{"line":43,"column":22},"end":{"line":43,"column":48}}]},"5":{"loc":{"start":{"line":54,"column":6},"end":{"line":56,"column":12}},"type":"cond-expr","locations":[{"start":{"line":55,"column":10},"end":{"line":55,"column":66}},{"start":{"line":56,"column":10},"end":{"line":56,"column":12}}]},"6":{"loc":{"start":{"line":54,"column":6},"end":{"line":54,"column":64}},"type":"binary-expr","locations":[{"start":{"line":54,"column":6},"end":{"line":54,"column":20}},{"start":{"line":54,"column":24},"end":{"line":54,"column":64}}]},"7":{"loc":{"start":{"line":57,"column":15},"end":{"line":57,"column":66}},"type":"cond-expr","locations":[{"start":{"line":57,"column":23},"end":{"line":57,"column":61}},{"start":{"line":57,"column":64},"end":{"line":57,"column":66}}]},"8":{"loc":{"start":{"line":64,"column":2},"end":{"line":80,"column":null}},"type":"if","locations":[{"start":{"line":64,"column":2},"end":{"line":80,"column":null}},{"start":{"line":78,"column":9},"end":{"line":80,"column":null}}]},"9":{"loc":{"start":{"line":72,"column":8},"end":{"line":74,"column":14}},"type":"cond-expr","locations":[{"start":{"line":73,"column":12},"end":{"line":73,"column":68}},{"start":{"line":74,"column":12},"end":{"line":74,"column":14}}]},"10":{"loc":{"start":{"line":75,"column":17},"end":{"line":75,"column":68}},"type":"cond-expr","locations":[{"start":{"line":75,"column":25},"end":{"line":75,"column":63}},{"start":{"line":75,"column":66},"end":{"line":75,"column":68}}]},"11":{"loc":{"start":{"line":92,"column":2},"end":{"line":96,"column":null}},"type":"if","locations":[{"start":{"line":92,"column":2},"end":{"line":96,"column":null}},{"start":{"line":94,"column":9},"end":{"line":96,"column":null}}]},"12":{"loc":{"start":{"line":106,"column":2},"end":{"line":114,"column":null}},"type":"if","locations":[{"start":{"line":106,"column":2},"end":{"line":114,"column":null}},{"start":{"line":112,"column":9},"end":{"line":114,"column":null}}]},"13":{"loc":{"start":{"line":125,"column":2},"end":{"line":133,"column":null}},"type":"if","locations":[{"start":{"line":125,"column":2},"end":{"line":133,"column":null}},{"start":{"line":131,"column":9},"end":{"line":133,"column":null}}]},"14":{"loc":{"start":{"line":138,"column":2},"end":{"line":140,"column":null}},"type":"if","locations":[{"start":{"line":138,"column":2},"end":{"line":140,"column":null}}]}},"s":{"0":4,"1":4,"2":4,"3":8,"4":8,"5":7,"6":7,"7":7,"8":4,"9":0,"10":0,"11":0,"12":0,"13":4,"14":0,"15":0,"16":0,"17":0,"18":0,"19":4,"20":2,"21":2,"22":2,"23":0,"24":2,"25":0,"26":2,"27":2,"28":2,"29":4,"30":2,"31":2,"32":2,"33":2,"34":2,"35":2,"36":0,"37":4,"38":4,"39":4,"40":2,"41":2,"42":0,"43":4,"44":0,"45":0,"46":0,"47":4,"48":2,"49":2,"50":2,"51":2,"52":2,"53":0,"54":4,"55":0,"56":0,"57":0,"58":0,"59":0,"60":0,"61":4,"62":3,"63":3,"64":3,"65":1,"66":2,"67":4,"68":0,"69":0,"70":0,"71":4,"72":4},"f":{"0":8,"1":8,"2":0,"3":0,"4":0,"5":2,"6":2,"7":2,"8":2,"9":4,"10":4,"11":0,"12":0,"13":2,"14":2,"15":2,"16":0,"17":0,"18":0,"19":3,"20":3,"21":0,"22":0},"b":{"0":[0,0],"1":[0,2],"2":[2,0],"3":[0],"4":[2,0],"5":[0,2],"6":[2,2],"7":[2,0],"8":[2,0],"9":[2,0],"10":[2,0],"11":[2,0],"12":[2,0],"13":[0,0],"14":[1]}}
,"D:\\Company\\PROJECTWSM\\backendwsm\\src\\database\\config\\config.ts": {"path":"D:\\Company\\PROJECTWSM\\backendwsm\\src\\database\\config\\config.ts","statementMap":{"0":{"start":{"line":1,"column":0},"end":{"line":1,"column":27}},"1":{"start":{"line":2,"column":47},"end":{"line":2,"column":58}},"2":{"start":{"line":3,"column":0},"end":{"line":30,"column":2}}},"fnMap":{},"branchMap":{"0":{"loc":{"start":{"line":5,"column":14},"end":{"line":5,"column":31}},"type":"binary-expr","locations":[{"start":{"line":5,"column":14},"end":{"line":5,"column":21}},{"start":{"line":5,"column":25},"end":{"line":5,"column":31}}]},"1":{"loc":{"start":{"line":9,"column":10},"end":{"line":9,"column":28}},"type":"binary-expr","locations":[{"start":{"line":9,"column":10},"end":{"line":9,"column":17}},{"start":{"line":9,"column":21},"end":{"line":9,"column":28}}]},"2":{"loc":{"start":{"line":14,"column":14},"end":{"line":14,"column":31}},"type":"binary-expr","locations":[{"start":{"line":14,"column":14},"end":{"line":14,"column":21}},{"start":{"line":14,"column":25},"end":{"line":14,"column":31}}]},"3":{"loc":{"start":{"line":18,"column":10},"end":{"line":18,"column":28}},"type":"binary-expr","locations":[{"start":{"line":18,"column":10},"end":{"line":18,"column":17}},{"start":{"line":18,"column":21},"end":{"line":18,"column":28}}]},"4":{"loc":{"start":{"line":23,"column":14},"end":{"line":23,"column":31}},"type":"binary-expr","locations":[{"start":{"line":23,"column":14},"end":{"line":23,"column":21}},{"start":{"line":23,"column":25},"end":{"line":23,"column":31}}]},"5":{"loc":{"start":{"line":27,"column":10},"end":{"line":27,"column":28}},"type":"binary-expr","locations":[{"start":{"line":27,"column":10},"end":{"line":27,"column":17}},{"start":{"line":27,"column":21},"end":{"line":27,"column":28}}]}},"s":{"0":4,"1":4,"2":4},"f":{},"b":{"0":[4,0],"1":[4,0],"2":[4,0],"3":[4,0],"4":[4,0],"5":[4,0]}}
,"D:\\Company\\PROJECTWSM\\backendwsm\\src\\database\\config\\connectDB.ts": {"path":"D:\\Company\\PROJECTWSM\\backendwsm\\src\\database\\config\\connectDB.ts","statementMap":{"0":{"start":{"line":1,"column":0},"end":{"line":1,"column":38}},"1":{"start":{"line":2,"column":0},"end":{"line":2,"column":28}},"2":{"start":{"line":3,"column":0},"end":{"line":3,"column":16}},"3":{"start":{"line":6,"column":64},"end":{"line":6,"column":75}},"4":{"start":{"line":8,"column":18},"end":{"line":15,"column":2}},"5":{"start":{"line":18,"column":16},"end":{"line":25,"column":2}},"6":{"start":{"line":18,"column":27},"end":{"line":25,"column":2}},"7":{"start":{"line":19,"column":2},"end":{"line":24,"column":null}},"8":{"start":{"line":20,"column":4},"end":{"line":20,"column":35}},"9":{"start":{"line":21,"column":4},"end":{"line":21,"column":65}},"10":{"start":{"line":23,"column":4},"end":{"line":23,"column":63}},"11":{"start":{"line":27,"column":0},"end":{"line":27,"column":23}}},"fnMap":{"0":{"name":"(anonymous_8)","decl":{"start":{"line":18,"column":16},"end":{"line":18,"column":25}},"loc":{"start":{"line":18,"column":27},"end":{"line":25,"column":2}}},"1":{"name":"(anonymous_9)","decl":{"start":{"line":18,"column":27},"end":{"line":18,"column":null}},"loc":{"start":{"line":18,"column":27},"end":{"line":25,"column":1}}}},"branchMap":{"0":{"loc":{"start":{"line":6,"column":17},"end":{"line":6,"column":32}},"type":"default-arg","locations":[{"start":{"line":6,"column":27},"end":{"line":6,"column":32}}]},"1":{"loc":{"start":{"line":6,"column":34},"end":{"line":6,"column":50}},"type":"default-arg","locations":[{"start":{"line":6,"column":44},"end":{"line":6,"column":50}}]}},"s":{"0":4,"1":4,"2":4,"3":4,"4":4,"5":4,"6":4,"7":4,"8":4,"9":4,"10":0,"11":4},"f":{"0":4,"1":4},"b":{"0":[0],"1":[0]}}
,"D:\\Company\\PROJECTWSM\\backendwsm\\src\\database\\models\\departments.ts": {"path":"D:\\Company\\PROJECTWSM\\backendwsm\\src\\database\\models\\departments.ts","statementMap":{"0":{"start":{"line":1,"column":0},"end":{"line":1,"column":34}},"1":{"start":{"line":4,"column":0},"end":{"line":59,"column":2}},"2":{"start":{"line":22,"column":6},"end":{"line":24,"column":9}},"3":{"start":{"line":27,"column":2},"end":{"line":57,"column":4}},"4":{"start":{"line":58,"column":2},"end":{"line":58,"column":20}}},"fnMap":{"0":{"name":"(anonymous_0)","decl":{"start":{"line":4,"column":17},"end":{"line":4,"column":18}},"loc":{"start":{"line":4,"column":52},"end":{"line":59,"column":1}}},"1":{"name":"(anonymous_1)","decl":{"start":{"line":20,"column":4},"end":{"line":20,"column":10}},"loc":{"start":{"line":20,"column":32},"end":{"line":25,"column":5}}}},"branchMap":{},"s":{"0":4,"1":4,"2":4,"3":4,"4":4},"f":{"0":4,"1":4},"b":{}}
,"D:\\Company\\PROJECTWSM\\backendwsm\\src\\database\\models\\index.ts": {"path":"D:\\Company\\PROJECTWSM\\backendwsm\\src\\database\\models\\index.ts","statementMap":{"0":{"start":{"line":3,"column":11},"end":{"line":3,"column":24}},"1":{"start":{"line":4,"column":13},"end":{"line":4,"column":28}},"2":{"start":{"line":5,"column":18},"end":{"line":5,"column":38}},"3":{"start":{"line":6,"column":17},"end":{"line":6,"column":42}},"4":{"start":{"line":7,"column":12},"end":{"line":7,"column":49}},"5":{"start":{"line":8,"column":15},"end":{"line":8,"column":62}},"6":{"start":{"line":9,"column":16},"end":{"line":9,"column":18}},"7":{"start":{"line":12,"column":0},"end":{"line":21,"column":null}},"8":{"start":{"line":13,"column":2},"end":{"line":13,"column":74}},"9":{"start":{"line":15,"column":2},"end":{"line":20,"column":4}},"10":{"start":{"line":23,"column":0},"end":{"line":35,"column":5}},"11":{"start":{"line":25,"column":4},"end":{"line":27,"column":6}},"12":{"start":{"line":30,"column":18},"end":{"line":32,"column":null}},"13":{"start":{"line":34,"column":4},"end":{"line":34,"column":27}},"14":{"start":{"line":37,"column":0},"end":{"line":41,"column":3}},"15":{"start":{"line":38,"column":2},"end":{"line":40,"column":null}},"16":{"start":{"line":39,"column":4},"end":{"line":39,"column":32}},"17":{"start":{"line":43,"column":0},"end":{"line":43,"column":25}},"18":{"start":{"line":44,"column":0},"end":{"line":44,"column":25}},"19":{"start":{"line":46,"column":0},"end":{"line":46,"column":18}}},"fnMap":{"0":{"name":"(anonymous_0)","decl":{"start":{"line":24,"column":10},"end":{"line":24,"column":11}},"loc":{"start":{"line":24,"column":27},"end":{"line":28,"column":3}}},"1":{"name":"(anonymous_1)","decl":{"start":{"line":29,"column":11},"end":{"line":29,"column":12}},"loc":{"start":{"line":29,"column":25},"end":{"line":35,"column":3}}},"2":{"name":"(anonymous_2)","decl":{"start":{"line":37,"column":24},"end":{"line":37,"column":25}},"loc":{"start":{"line":37,"column":38},"end":{"line":41,"column":1}}}},"branchMap":{"0":{"loc":{"start":{"line":7,"column":12},"end":{"line":7,"column":49}},"type":"binary-expr","locations":[{"start":{"line":7,"column":12},"end":{"line":7,"column":32}},{"start":{"line":7,"column":36},"end":{"line":7,"column":49}}]},"1":{"loc":{"start":{"line":12,"column":0},"end":{"line":21,"column":null}},"type":"if","locations":[{"start":{"line":12,"column":0},"end":{"line":21,"column":null}},{"start":{"line":14,"column":7},"end":{"line":21,"column":null}}]},"2":{"loc":{"start":{"line":26,"column":6},"end":{"line":26,"column":78}},"type":"binary-expr","locations":[{"start":{"line":26,"column":6},"end":{"line":26,"column":29}},{"start":{"line":26,"column":33},"end":{"line":26,"column":50}},{"start":{"line":26,"column":54},"end":{"line":26,"column":78}}]},"3":{"loc":{"start":{"line":38,"column":2},"end":{"line":40,"column":null}},"type":"if","locations":[{"start":{"line":38,"column":2},"end":{"line":40,"column":null}}]}},"s":{"0":4,"1":4,"2":4,"3":4,"4":4,"5":4,"6":4,"7":4,"8":0,"9":4,"10":4,"11":20,"12":16,"13":16,"14":4,"15":16,"16":16,"17":4,"18":4,"19":4},"f":{"0":20,"1":16,"2":16},"b":{"0":[4,0],"1":[0,4],"2":[20,20,16],"3":[16]}}
,"D:\\Company\\PROJECTWSM\\backendwsm\\src\\database\\models\\requests.ts": {"path":"D:\\Company\\PROJECTWSM\\backendwsm\\src\\database\\models\\requests.ts","statementMap":{"0":{"start":{"line":1,"column":0},"end":{"line":1,"column":70}},"1":{"start":{"line":4,"column":0},"end":{"line":98,"column":2}},"2":{"start":{"line":27,"column":6},"end":{"line":29,"column":9}},"3":{"start":{"line":32,"column":2},"end":{"line":96,"column":4}},"4":{"start":{"line":97,"column":2},"end":{"line":97,"column":17}}},"fnMap":{"0":{"name":"(anonymous_0)","decl":{"start":{"line":4,"column":17},"end":{"line":4,"column":18}},"loc":{"start":{"line":4,"column":52},"end":{"line":98,"column":1}}},"1":{"name":"(anonymous_1)","decl":{"start":{"line":25,"column":4},"end":{"line":25,"column":10}},"loc":{"start":{"line":25,"column":32},"end":{"line":30,"column":5}}}},"branchMap":{},"s":{"0":4,"1":4,"2":4,"3":4,"4":4},"f":{"0":4,"1":4},"b":{}}
,"D:\\Company\\PROJECTWSM\\backendwsm\\src\\database\\models\\timeKeepings.ts": {"path":"D:\\Company\\PROJECTWSM\\backendwsm\\src\\database\\models\\timeKeepings.ts","statementMap":{"0":{"start":{"line":1,"column":0},"end":{"line":1,"column":32}},"1":{"start":{"line":4,"column":0},"end":{"line":56,"column":2}},"2":{"start":{"line":21,"column":6},"end":{"line":23,"column":null}},"3":{"start":{"line":26,"column":2},"end":{"line":54,"column":4}},"4":{"start":{"line":55,"column":2},"end":{"line":55,"column":21}}},"fnMap":{"0":{"name":"(anonymous_0)","decl":{"start":{"line":4,"column":17},"end":{"line":4,"column":18}},"loc":{"start":{"line":4,"column":52},"end":{"line":56,"column":1}}},"1":{"name":"(anonymous_1)","decl":{"start":{"line":19,"column":4},"end":{"line":19,"column":10}},"loc":{"start":{"line":19,"column":32},"end":{"line":24,"column":5}}}},"branchMap":{},"s":{"0":4,"1":4,"2":4,"3":4,"4":4},"f":{"0":4,"1":4},"b":{}}
,"D:\\Company\\PROJECTWSM\\backendwsm\\src\\database\\models\\users.ts": {"path":"D:\\Company\\PROJECTWSM\\backendwsm\\src\\database\\models\\users.ts","statementMap":{"0":{"start":{"line":1,"column":0},"end":{"line":1,"column":34}},"1":{"start":{"line":4,"column":0},"end":{"line":121,"column":2}},"2":{"start":{"line":30,"column":6},"end":{"line":32,"column":9}},"3":{"start":{"line":33,"column":6},"end":{"line":35,"column":9}},"4":{"start":{"line":36,"column":6},"end":{"line":38,"column":9}},"5":{"start":{"line":41,"column":2},"end":{"line":119,"column":4}},"6":{"start":{"line":120,"column":2},"end":{"line":120,"column":14}}},"fnMap":{"0":{"name":"(anonymous_0)","decl":{"start":{"line":4,"column":17},"end":{"line":4,"column":18}},"loc":{"start":{"line":4,"column":52},"end":{"line":121,"column":1}}},"1":{"name":"(anonymous_1)","decl":{"start":{"line":28,"column":4},"end":{"line":28,"column":10}},"loc":{"start":{"line":28,"column":32},"end":{"line":39,"column":5}}}},"branchMap":{},"s":{"0":4,"1":4,"2":4,"3":4,"4":4,"5":4,"6":4},"f":{"0":4,"1":4},"b":{}}
,"D:\\Company\\PROJECTWSM\\backendwsm\\src\\logs\\createLog.ts": {"path":"D:\\Company\\PROJECTWSM\\backendwsm\\src\\logs\\createLog.ts","statementMap":{"0":{"start":{"line":1,"column":0},"end":{"line":1,"column":30}},"1":{"start":{"line":2,"column":0},"end":{"line":2,"column":56}},"2":{"start":{"line":3,"column":0},"end":{"line":3,"column":20}},"3":{"start":{"line":4,"column":0},"end":{"line":4,"column":24}},"4":{"start":{"line":5,"column":15},"end":{"line":5,"column":25}},"5":{"start":{"line":6,"column":0},"end":{"line":9,"column":null}},"6":{"start":{"line":8,"column":2},"end":{"line":8,"column":23}},"7":{"start":{"line":11,"column":35},"end":{"line":17,"column":2}},"8":{"start":{"line":19,"column":0},"end":{"line":21,"column":3}},"9":{"start":{"line":23,"column":13},"end":{"line":25,"column":3}}},"fnMap":{"0":{"name":"(anonymous_1)","decl":{"start":{"line":19,"column":23},"end":{"line":19,"column":33}},"loc":{"start":{"line":19,"column":57},"end":{"line":21,"column":1}}}},"branchMap":{"0":{"loc":{"start":{"line":6,"column":0},"end":{"line":9,"column":null}},"type":"if","locations":[{"start":{"line":6,"column":0},"end":{"line":9,"column":null}}]}},"s":{"0":4,"1":4,"2":4,"3":4,"4":4,"5":4,"6":0,"7":4,"8":4,"9":4},"f":{"0":0},"b":{"0":[0]}}
,"D:\\Company\\PROJECTWSM\\backendwsm\\src\\mail\\mailServices\\detailMail.ts": {"path":"D:\\Company\\PROJECTWSM\\backendwsm\\src\\mail\\mailServices\\detailMail.ts","statementMap":{"0":{"start":{"line":3,"column":26},"end":{"line":14,"column":1}},"1":{"start":{"line":4,"column":4},"end":{"line":13,"column":null}},"2":{"start":{"line":3,"column":13},"end":{"line":3,"column":26}}},"fnMap":{"0":{"name":"(anonymous_0)","decl":{"start":{"line":3,"column":26},"end":{"line":3,"column":27}},"loc":{"start":{"line":3,"column":74},"end":{"line":14,"column":1}}}},"branchMap":{},"s":{"0":4,"1":0,"2":4},"f":{"0":0},"b":{}}
,"D:\\Company\\PROJECTWSM\\backendwsm\\src\\mail\\mailServices\\emailServices.ts": {"path":"D:\\Company\\PROJECTWSM\\backendwsm\\src\\mail\\mailServices\\emailServices.ts","statementMap":{"0":{"start":{"line":2,"column":0},"end":{"line":2,"column":36}},"1":{"start":{"line":3,"column":0},"end":{"line":3,"column":28}},"2":{"start":{"line":4,"column":0},"end":{"line":4,"column":28}},"3":{"start":{"line":5,"column":0},"end":{"line":5,"column":16}},"4":{"start":{"line":6,"column":21},"end":{"line":41,"column":2}},"5":{"start":{"line":6,"column":40},"end":{"line":41,"column":2}},"6":{"start":{"line":7,"column":22},"end":{"line":20,"column":4}},"7":{"start":{"line":23,"column":15},"end":{"line":40,"column":4}},"8":{"start":{"line":43,"column":0},"end":{"line":43,"column":28}}},"fnMap":{"0":{"name":"(anonymous_8)","decl":{"start":{"line":6,"column":21},"end":{"line":6,"column":28}},"loc":{"start":{"line":6,"column":40},"end":{"line":41,"column":2}}},"1":{"name":"(anonymous_9)","decl":{"start":{"line":6,"column":40},"end":{"line":6,"column":null}},"loc":{"start":{"line":6,"column":40},"end":{"line":41,"column":1}}}},"branchMap":{},"s":{"0":4,"1":4,"2":4,"3":4,"4":4,"5":0,"6":0,"7":0,"8":4},"f":{"0":0,"1":0},"b":{}}
,"D:\\Company\\PROJECTWSM\\backendwsm\\src\\mail\\queues\\email.queue.ts": {"path":"D:\\Company\\PROJECTWSM\\backendwsm\\src\\mail\\queues\\email.queue.ts","statementMap":{"0":{"start":{"line":1,"column":0},"end":{"line":1,"column":24}},"1":{"start":{"line":2,"column":0},"end":{"line":2,"column":57}},"2":{"start":{"line":3,"column":0},"end":{"line":3,"column":52}},"3":{"start":{"line":7,"column":19},"end":{"line":13,"column":2}},"4":{"start":{"line":15,"column":0},"end":{"line":15,"column":41}},"5":{"start":{"line":17,"column":0},"end":{"line":17,"column":33}},"6":{"start":{"line":19,"column":21},"end":{"line":25,"column":1}},"7":{"start":{"line":20,"column":2},"end":{"line":24,"column":5}},"8":{"start":{"line":27,"column":9},"end":{"line":27,"column":21}}},"fnMap":{"0":{"name":"(anonymous_1)","decl":{"start":{"line":19,"column":21},"end":{"line":19,"column":22}},"loc":{"start":{"line":19,"column":35},"end":{"line":25,"column":1}}}},"branchMap":{},"s":{"0":4,"1":4,"2":4,"3":4,"4":4,"5":4,"6":4,"7":0,"8":4},"f":{"0":0},"b":{}}
,"D:\\Company\\PROJECTWSM\\backendwsm\\src\\middlewares\\errorHandler.ts": {"path":"D:\\Company\\PROJECTWSM\\backendwsm\\src\\middlewares\\errorHandler.ts","statementMap":{"0":{"start":{"line":1,"column":0},"end":{"line":1,"column":43}},"1":{"start":{"line":8,"column":4},"end":{"line":8,"column":33}},"2":{"start":{"line":9,"column":4},"end":{"line":9,"column":27}},"3":{"start":{"line":3,"column":0},"end":{"line":3,"column":13}},"4":{"start":{"line":13,"column":28},"end":{"line":27,"column":1}},"5":{"start":{"line":19,"column":2},"end":{"line":19,"column":41}},"6":{"start":{"line":20,"column":2},"end":{"line":20,"column":34}},"7":{"start":{"line":21,"column":2},"end":{"line":21,"column":53}},"8":{"start":{"line":22,"column":2},"end":{"line":26,"column":5}},"9":{"start":{"line":13,"column":13},"end":{"line":13,"column":28}}},"fnMap":{"0":{"name":"(anonymous_0)","decl":{"start":{"line":7,"column":2},"end":{"line":7,"column":14}},"loc":{"start":{"line":7,"column":49},"end":{"line":10,"column":3}}},"1":{"name":"(anonymous_1)","decl":{"start":{"line":13,"column":28},"end":{"line":13,"column":null}},"loc":{"start":{"line":18,"column":4},"end":{"line":27,"column":1}}}},"branchMap":{"0":{"loc":{"start":{"line":19,"column":19},"end":{"line":19,"column":40}},"type":"binary-expr","locations":[{"start":{"line":19,"column":19},"end":{"line":19,"column":33}},{"start":{"line":19,"column":37},"end":{"line":19,"column":40}}]},"1":{"loc":{"start":{"line":20,"column":16},"end":{"line":20,"column":33}},"type":"binary-expr","locations":[{"start":{"line":20,"column":16},"end":{"line":20,"column":27}},{"start":{"line":20,"column":31},"end":{"line":20,"column":33}}]}},"s":{"0":4,"1":34,"2":34,"3":4,"4":4,"5":39,"6":39,"7":39,"8":39,"9":4},"f":{"0":34,"1":39},"b":{"0":[39,5],"1":[39,0]}}
,"D:\\Company\\PROJECTWSM\\backendwsm\\src\\middlewares\\validate.ts": {"path":"D:\\Company\\PROJECTWSM\\backendwsm\\src\\middlewares\\validate.ts","statementMap":{"0":{"start":{"line":1,"column":0},"end":{"line":1,"column":55}},"1":{"start":{"line":2,"column":15},"end":{"line":2,"column":168}},"2":{"start":{"line":3,"column":20},"end":{"line":3,"column":59}},"3":{"start":{"line":4,"column":20},"end":{"line":4,"column":57}},"4":{"start":{"line":6,"column":22},"end":{"line":15,"column":1}},"5":{"start":{"line":7,"column":2},"end":{"line":14,"column":4}},"6":{"start":{"line":17,"column":27},"end":{"line":53,"column":1}},"7":{"start":{"line":18,"column":2},"end":{"line":52,"column":4}},"8":{"start":{"line":55,"column":27},"end":{"line":82,"column":1}},"9":{"start":{"line":56,"column":2},"end":{"line":81,"column":4}},"10":{"start":{"line":84,"column":28},"end":{"line":102,"column":1}},"11":{"start":{"line":85,"column":2},"end":{"line":101,"column":4}},"12":{"start":{"line":104,"column":27},"end":{"line":109,"column":1}},"13":{"start":{"line":105,"column":2},"end":{"line":108,"column":4}},"14":{"start":{"line":111,"column":31},"end":{"line":117,"column":1}},"15":{"start":{"line":112,"column":2},"end":{"line":116,"column":4}},"16":{"start":{"line":119,"column":24},"end":{"line":129,"column":1}},"17":{"start":{"line":120,"column":2},"end":{"line":128,"column":4}},"18":{"start":{"line":131,"column":28},"end":{"line":138,"column":1}},"19":{"start":{"line":132,"column":2},"end":{"line":137,"column":4}},"20":{"start":{"line":147,"column":24},"end":{"line":153,"column":1}},"21":{"start":{"line":148,"column":26},"end":{"line":148,"column":28}},"22":{"start":{"line":149,"column":2},"end":{"line":151,"column":5}},"23":{"start":{"line":150,"column":4},"end":{"line":150,"column":26}},"24":{"start":{"line":152,"column":2},"end":{"line":152,"column":27}},"25":{"start":{"line":155,"column":37},"end":{"line":163,"column":1}},"26":{"start":{"line":156,"column":2},"end":{"line":162,"column":4}},"27":{"start":{"line":164,"column":17},"end":{"line":175,"column":2}},"28":{"start":{"line":177,"column":0},"end":{"line":177,"column":24}}},"fnMap":{"0":{"name":"(anonymous_0)","decl":{"start":{"line":6,"column":22},"end":{"line":6,"column":25}},"loc":{"start":{"line":6,"column":27},"end":{"line":15,"column":1}}},"1":{"name":"(anonymous_1)","decl":{"start":{"line":17,"column":27},"end":{"line":17,"column":30}},"loc":{"start":{"line":17,"column":32},"end":{"line":53,"column":1}}},"2":{"name":"(anonymous_2)","decl":{"start":{"line":55,"column":27},"end":{"line":55,"column":30}},"loc":{"start":{"line":55,"column":32},"end":{"line":82,"column":1}}},"3":{"name":"(anonymous_3)","decl":{"start":{"line":84,"column":28},"end":{"line":84,"column":31}},"loc":{"start":{"line":84,"column":33},"end":{"line":102,"column":1}}},"4":{"name":"(anonymous_4)","decl":{"start":{"line":104,"column":27},"end":{"line":104,"column":30}},"loc":{"start":{"line":104,"column":32},"end":{"line":109,"column":1}}},"5":{"name":"(anonymous_5)","decl":{"start":{"line":111,"column":31},"end":{"line":111,"column":34}},"loc":{"start":{"line":111,"column":36},"end":{"line":117,"column":1}}},"6":{"name":"(anonymous_6)","decl":{"start":{"line":119,"column":24},"end":{"line":119,"column":27}},"loc":{"start":{"line":119,"column":29},"end":{"line":129,"column":1}}},"7":{"name":"(anonymous_7)","decl":{"start":{"line":131,"column":28},"end":{"line":131,"column":31}},"loc":{"start":{"line":131,"column":33},"end":{"line":138,"column":1}}},"8":{"name":"(anonymous_8)","decl":{"start":{"line":147,"column":24},"end":{"line":147,"column":25}},"loc":{"start":{"line":147,"column":48},"end":{"line":153,"column":1}}},"9":{"name":"(anonymous_9)","decl":{"start":{"line":149,"column":28},"end":{"line":149,"column":29}},"loc":{"start":{"line":149,"column":51},"end":{"line":151,"column":3}}},"10":{"name":"(anonymous_10)","decl":{"start":{"line":155,"column":37},"end":{"line":155,"column":40}},"loc":{"start":{"line":155,"column":42},"end":{"line":163,"column":1}}}},"branchMap":{},"s":{"0":4,"1":4,"2":4,"3":4,"4":4,"5":4,"6":4,"7":4,"8":4,"9":4,"10":4,"11":4,"12":4,"13":4,"14":4,"15":4,"16":4,"17":8,"18":4,"19":0,"20":4,"21":22,"22":22,"23":22,"24":22,"25":4,"26":4,"27":4,"28":4},"f":{"0":4,"1":4,"2":4,"3":4,"4":4,"5":4,"6":8,"7":0,"8":22,"9":22,"10":4},"b":{}}
,"D:\\Company\\PROJECTWSM\\backendwsm\\src\\middlewares\\verifyRole.ts": {"path":"D:\\Company\\PROJECTWSM\\backendwsm\\src\\middlewares\\verifyRole.ts","statementMap":{"0":{"start":{"line":1,"column":0},"end":{"line":1,"column":45}},"1":{"start":{"line":3,"column":0},"end":{"line":3,"column":36}},"2":{"start":{"line":6,"column":14},"end":{"line":10,"column":2}},"3":{"start":{"line":12,"column":26},"end":{"line":28,"column":2}},"4":{"start":{"line":16,"column":4},"end":{"line":28,"column":2}},"5":{"start":{"line":17,"column":15},"end":{"line":19,"column":4}},"6":{"start":{"line":20,"column":2},"end":{"line":22,"column":null}},"7":{"start":{"line":21,"column":4},"end":{"line":21,"column":58}},"8":{"start":{"line":23,"column":2},"end":{"line":27,"column":null}},"9":{"start":{"line":24,"column":4},"end":{"line":24,"column":11}},"10":{"start":{"line":26,"column":4},"end":{"line":26,"column":59}},"11":{"start":{"line":12,"column":13},"end":{"line":12,"column":26}},"12":{"start":{"line":30,"column":38},"end":{"line":46,"column":2}},"13":{"start":{"line":34,"column":4},"end":{"line":46,"column":2}},"14":{"start":{"line":35,"column":15},"end":{"line":37,"column":4}},"15":{"start":{"line":38,"column":2},"end":{"line":40,"column":null}},"16":{"start":{"line":39,"column":4},"end":{"line":39,"column":58}},"17":{"start":{"line":41,"column":2},"end":{"line":45,"column":null}},"18":{"start":{"line":42,"column":4},"end":{"line":42,"column":11}},"19":{"start":{"line":44,"column":4},"end":{"line":44,"column":59}},"20":{"start":{"line":30,"column":13},"end":{"line":30,"column":38}},"21":{"start":{"line":48,"column":31},"end":{"line":64,"column":2}},"22":{"start":{"line":52,"column":4},"end":{"line":64,"column":2}},"23":{"start":{"line":53,"column":15},"end":{"line":55,"column":4}},"24":{"start":{"line":56,"column":2},"end":{"line":58,"column":null}},"25":{"start":{"line":57,"column":4},"end":{"line":57,"column":58}},"26":{"start":{"line":59,"column":2},"end":{"line":63,"column":null}},"27":{"start":{"line":60,"column":4},"end":{"line":60,"column":11}},"28":{"start":{"line":62,"column":4},"end":{"line":62,"column":59}},"29":{"start":{"line":48,"column":13},"end":{"line":48,"column":31}},"30":{"start":{"line":66,"column":37},"end":{"line":82,"column":2}},"31":{"start":{"line":70,"column":4},"end":{"line":82,"column":2}},"32":{"start":{"line":71,"column":15},"end":{"line":73,"column":4}},"33":{"start":{"line":74,"column":2},"end":{"line":76,"column":null}},"34":{"start":{"line":75,"column":4},"end":{"line":75,"column":58}},"35":{"start":{"line":77,"column":2},"end":{"line":81,"column":null}},"36":{"start":{"line":78,"column":4},"end":{"line":78,"column":11}},"37":{"start":{"line":80,"column":4},"end":{"line":80,"column":59}},"38":{"start":{"line":66,"column":13},"end":{"line":66,"column":37}}},"fnMap":{"0":{"name":"(anonymous_8)","decl":{"start":{"line":12,"column":26},"end":{"line":12,"column":null}},"loc":{"start":{"line":16,"column":4},"end":{"line":28,"column":2}}},"1":{"name":"(anonymous_9)","decl":{"start":{"line":16,"column":4},"end":{"line":16,"column":null}},"loc":{"start":{"line":16,"column":4},"end":{"line":28,"column":1}}},"2":{"name":"(anonymous_10)","decl":{"start":{"line":30,"column":38},"end":{"line":30,"column":null}},"loc":{"start":{"line":34,"column":4},"end":{"line":46,"column":2}}},"3":{"name":"(anonymous_11)","decl":{"start":{"line":34,"column":4},"end":{"line":34,"column":null}},"loc":{"start":{"line":34,"column":4},"end":{"line":46,"column":1}}},"4":{"name":"(anonymous_12)","decl":{"start":{"line":48,"column":31},"end":{"line":48,"column":null}},"loc":{"start":{"line":52,"column":4},"end":{"line":64,"column":2}}},"5":{"name":"(anonymous_13)","decl":{"start":{"line":52,"column":4},"end":{"line":52,"column":null}},"loc":{"start":{"line":52,"column":4},"end":{"line":64,"column":1}}},"6":{"name":"(anonymous_14)","decl":{"start":{"line":66,"column":37},"end":{"line":66,"column":null}},"loc":{"start":{"line":70,"column":4},"end":{"line":82,"column":2}}},"7":{"name":"(anonymous_15)","decl":{"start":{"line":70,"column":4},"end":{"line":70,"column":null}},"loc":{"start":{"line":70,"column":4},"end":{"line":82,"column":1}}}},"branchMap":{"0":{"loc":{"start":{"line":20,"column":2},"end":{"line":22,"column":null}},"type":"if","locations":[{"start":{"line":20,"column":2},"end":{"line":22,"column":null}}]},"1":{"loc":{"start":{"line":23,"column":2},"end":{"line":27,"column":null}},"type":"if","locations":[{"start":{"line":23,"column":2},"end":{"line":27,"column":null}},{"start":{"line":25,"column":9},"end":{"line":27,"column":null}}]},"2":{"loc":{"start":{"line":38,"column":2},"end":{"line":40,"column":null}},"type":"if","locations":[{"start":{"line":38,"column":2},"end":{"line":40,"column":null}}]},"3":{"loc":{"start":{"line":41,"column":2},"end":{"line":45,"column":null}},"type":"if","locations":[{"start":{"line":41,"column":2},"end":{"line":45,"column":null}},{"start":{"line":43,"column":9},"end":{"line":45,"column":null}}]},"4":{"loc":{"start":{"line":56,"column":2},"end":{"line":58,"column":null}},"type":"if","locations":[{"start":{"line":56,"column":2},"end":{"line":58,"column":null}}]},"5":{"loc":{"start":{"line":59,"column":2},"end":{"line":63,"column":null}},"type":"if","locations":[{"start":{"line":59,"column":2},"end":{"line":63,"column":null}},{"start":{"line":61,"column":9},"end":{"line":63,"column":null}}]},"6":{"loc":{"start":{"line":74,"column":2},"end":{"line":76,"column":null}},"type":"if","locations":[{"start":{"line":74,"column":2},"end":{"line":76,"column":null}}]},"7":{"loc":{"start":{"line":77,"column":2},"end":{"line":81,"column":null}},"type":"if","locations":[{"start":{"line":77,"column":2},"end":{"line":81,"column":null}},{"start":{"line":79,"column":9},"end":{"line":81,"column":null}}]}},"s":{"0":4,"1":4,"2":4,"3":4,"4":0,"5":0,"6":0,"7":0,"8":0,"9":0,"10":0,"11":4,"12":4,"13":0,"14":0,"15":0,"16":0,"17":0,"18":0,"19":0,"20":4,"21":4,"22":20,"23":20,"24":20,"25":0,"26":20,"27":17,"28":3,"29":4,"30":4,"31":0,"32":0,"33":0,"34":0,"35":0,"36":0,"37":0,"38":4},"f":{"0":0,"1":0,"2":0,"3":0,"4":20,"5":20,"6":0,"7":0},"b":{"0":[0],"1":[0,0],"2":[0],"3":[0,0],"4":[0],"5":[17,3],"6":[0],"7":[0,0]}}
,"D:\\Company\\PROJECTWSM\\backendwsm\\src\\middlewares\\verifyToken.ts": {"path":"D:\\Company\\PROJECTWSM\\backendwsm\\src\\middlewares\\verifyToken.ts","statementMap":{"0":{"start":{"line":1,"column":12},"end":{"line":1,"column":35}},"1":{"start":{"line":2,"column":0},"end":{"line":2,"column":58}},"2":{"start":{"line":4,"column":0},"end":{"line":4,"column":30}},"3":{"start":{"line":6,"column":27},"end":{"line":48,"column":2}},"4":{"start":{"line":10,"column":4},"end":{"line":48,"column":2}},"5":{"start":{"line":11,"column":34},"end":{"line":11,"column":45}},"6":{"start":{"line":13,"column":2},"end":{"line":15,"column":null}},"7":{"start":{"line":14,"column":4},"end":{"line":14,"column":58}},"8":{"start":{"line":16,"column":2},"end":{"line":47,"column":null}},"9":{"start":{"line":17,"column":20},"end":{"line":17,"column":61}},"10":{"start":{"line":18,"column":4},"end":{"line":18,"column":23}},"11":{"start":{"line":19,"column":4},"end":{"line":19,"column":11}},"12":{"start":{"line":21,"column":22},"end":{"line":21,"column":70}},"13":{"start":{"line":22,"column":4},"end":{"line":46,"column":null}},"14":{"start":{"line":23,"column":26},"end":{"line":32,"column":null}},"15":{"start":{"line":34,"column":6},"end":{"line":45,"column":null}},"16":{"start":{"line":35,"column":8},"end":{"line":40,"column":11}},"17":{"start":{"line":41,"column":8},"end":{"line":41,"column":29}},"18":{"start":{"line":42,"column":8},"end":{"line":42,"column":15}},"19":{"start":{"line":44,"column":8},"end":{"line":44,"column":54}},"20":{"start":{"line":6,"column":13},"end":{"line":6,"column":27}}},"fnMap":{"0":{"name":"(anonymous_7)","decl":{"start":{"line":6,"column":27},"end":{"line":6,"column":null}},"loc":{"start":{"line":10,"column":4},"end":{"line":48,"column":2}}},"1":{"name":"(anonymous_8)","decl":{"start":{"line":10,"column":4},"end":{"line":10,"column":null}},"loc":{"start":{"line":10,"column":4},"end":{"line":48,"column":1}}}},"branchMap":{"0":{"loc":{"start":{"line":13,"column":2},"end":{"line":15,"column":null}},"type":"if","locations":[{"start":{"line":13,"column":2},"end":{"line":15,"column":null}}]},"1":{"loc":{"start":{"line":22,"column":4},"end":{"line":46,"column":null}},"type":"if","locations":[{"start":{"line":22,"column":4},"end":{"line":46,"column":null}}]}},"s":{"0":4,"1":4,"2":4,"3":4,"4":46,"5":46,"6":46,"7":5,"8":41,"9":41,"10":20,"11":20,"12":21,"13":16,"14":16,"15":16,"16":16,"17":16,"18":16,"19":0,"20":4},"f":{"0":46,"1":46},"b":{"0":[5],"1":[16]}}
,"D:\\Company\\PROJECTWSM\\backendwsm\\src\\routers\\Router.ts": {"path":"D:\\Company\\PROJECTWSM\\backendwsm\\src\\routers\\Router.ts","statementMap":{"0":{"start":{"line":1,"column":0},"end":{"line":1,"column":30}},"1":{"start":{"line":2,"column":0},"end":{"line":2,"column":72}},"2":{"start":{"line":3,"column":0},"end":{"line":3,"column":59}},"3":{"start":{"line":4,"column":0},"end":{"line":4,"column":72}},"4":{"start":{"line":5,"column":0},"end":{"line":5,"column":47}},"5":{"start":{"line":6,"column":0},"end":{"line":6,"column":67}},"6":{"start":{"line":7,"column":0},"end":{"line":7,"column":24}},"7":{"start":{"line":8,"column":0},"end":{"line":8,"column":53}},"8":{"start":{"line":9,"column":0},"end":{"line":9,"column":57}},"9":{"start":{"line":10,"column":0},"end":{"line":10,"column":73}},"10":{"start":{"line":11,"column":0},"end":{"line":11,"column":null}},"11":{"start":{"line":16,"column":0},"end":{"line":16,"column":65}},"12":{"start":{"line":19,"column":21},"end":{"line":968,"column":1}},"13":{"start":{"line":47,"column":2},"end":{"line":57,"column":4}},"14":{"start":{"line":50,"column":58},"end":{"line":56,"column":null}},"15":{"start":{"line":51,"column":21},"end":{"line":51,"column":42}},"16":{"start":{"line":52,"column":6},"end":{"line":54,"column":null}},"17":{"start":{"line":53,"column":8},"end":{"line":53,"column":69}},"18":{"start":{"line":55,"column":6},"end":{"line":55,"column":49}},"19":{"start":{"line":71,"column":2},"end":{"line":71,"column":57}},"20":{"start":{"line":91,"column":2},"end":{"line":91,"column":63}},"21":{"start":{"line":133,"column":2},"end":{"line":144,"column":4}},"22":{"start":{"line":137,"column":58},"end":{"line":143,"column":null}},"23":{"start":{"line":138,"column":21},"end":{"line":138,"column":42}},"24":{"start":{"line":139,"column":6},"end":{"line":141,"column":null}},"25":{"start":{"line":140,"column":8},"end":{"line":140,"column":69}},"26":{"start":{"line":142,"column":6},"end":{"line":142,"column":58}},"27":{"start":{"line":160,"column":2},"end":{"line":160,"column":79}},"28":{"start":{"line":180,"column":2},"end":{"line":185,"column":4}},"29":{"start":{"line":248,"column":2},"end":{"line":260,"column":4}},"30":{"start":{"line":253,"column":58},"end":{"line":259,"column":null}},"31":{"start":{"line":254,"column":21},"end":{"line":254,"column":42}},"32":{"start":{"line":255,"column":6},"end":{"line":257,"column":null}},"33":{"start":{"line":256,"column":8},"end":{"line":256,"column":69}},"34":{"start":{"line":258,"column":6},"end":{"line":258,"column":60}},"35":{"start":{"line":283,"column":2},"end":{"line":288,"column":4}},"36":{"start":{"line":311,"column":2},"end":{"line":316,"column":4}},"37":{"start":{"line":337,"column":2},"end":{"line":342,"column":4}},"38":{"start":{"line":404,"column":2},"end":{"line":416,"column":4}},"39":{"start":{"line":409,"column":58},"end":{"line":415,"column":null}},"40":{"start":{"line":410,"column":21},"end":{"line":410,"column":42}},"41":{"start":{"line":411,"column":6},"end":{"line":413,"column":null}},"42":{"start":{"line":412,"column":8},"end":{"line":412,"column":69}},"43":{"start":{"line":414,"column":6},"end":{"line":414,"column":50}},"44":{"start":{"line":420,"column":2},"end":{"line":423,"column":4}},"45":{"start":{"line":451,"column":2},"end":{"line":451,"column":46}},"46":{"start":{"line":467,"column":2},"end":{"line":472,"column":4}},"47":{"start":{"line":495,"column":2},"end":{"line":500,"column":4}},"48":{"start":{"line":534,"column":2},"end":{"line":548,"column":4}},"49":{"start":{"line":539,"column":58},"end":{"line":547,"column":null}},"50":{"start":{"line":540,"column":21},"end":{"line":540,"column":42}},"51":{"start":{"line":541,"column":6},"end":{"line":543,"column":null}},"52":{"start":{"line":542,"column":8},"end":{"line":542,"column":69}},"53":{"start":{"line":545,"column":8},"end":{"line":545,"column":66}},"54":{"start":{"line":589,"column":2},"end":{"line":603,"column":4}},"55":{"start":{"line":594,"column":58},"end":{"line":602,"column":null}},"56":{"start":{"line":595,"column":21},"end":{"line":595,"column":42}},"57":{"start":{"line":596,"column":6},"end":{"line":598,"column":null}},"58":{"start":{"line":597,"column":8},"end":{"line":597,"column":69}},"59":{"start":{"line":600,"column":8},"end":{"line":600,"column":69}},"60":{"start":{"line":628,"column":2},"end":{"line":633,"column":4}},"61":{"start":{"line":676,"column":2},"end":{"line":689,"column":4}},"62":{"start":{"line":680,"column":58},"end":{"line":688,"column":null}},"63":{"start":{"line":681,"column":21},"end":{"line":681,"column":42}},"64":{"start":{"line":682,"column":6},"end":{"line":684,"column":null}},"65":{"start":{"line":683,"column":8},"end":{"line":683,"column":69}},"66":{"start":{"line":686,"column":8},"end":{"line":686,"column":53}},"67":{"start":{"line":701,"column":2},"end":{"line":701,"column":69}},"68":{"start":{"line":722,"column":2},"end":{"line":722,"column":70}},"69":{"start":{"line":770,"column":2},"end":{"line":783,"column":4}},"70":{"start":{"line":774,"column":58},"end":{"line":782,"column":null}},"71":{"start":{"line":775,"column":21},"end":{"line":775,"column":42}},"72":{"start":{"line":776,"column":6},"end":{"line":778,"column":null}},"73":{"start":{"line":777,"column":8},"end":{"line":777,"column":69}},"74":{"start":{"line":780,"column":8},"end":{"line":780,"column":54}},"75":{"start":{"line":806,"column":2},"end":{"line":811,"column":4}},"76":{"start":{"line":835,"column":2},"end":{"line":847,"column":4}},"77":{"start":{"line":840,"column":58},"end":{"line":846,"column":null}},"78":{"start":{"line":841,"column":21},"end":{"line":841,"column":42}},"79":{"start":{"line":842,"column":6},"end":{"line":844,"column":null}},"80":{"start":{"line":843,"column":8},"end":{"line":843,"column":69}},"81":{"start":{"line":845,"column":6},"end":{"line":845,"column":67}},"82":{"start":{"line":863,"column":2},"end":{"line":868,"column":4}},"83":{"start":{"line":891,"column":2},"end":{"line":896,"column":4}},"84":{"start":{"line":912,"column":2},"end":{"line":916,"column":4}},"85":{"start":{"line":930,"column":2},"end":{"line":934,"column":4}},"86":{"start":{"line":948,"column":2},"end":{"line":952,"column":4}},"87":{"start":{"line":966,"column":2},"end":{"line":966,"column":78}},"88":{"start":{"line":967,"column":2},"end":{"line":967,"column":24}},"89":{"start":{"line":969,"column":0},"end":{"line":969,"column":28}}},"fnMap":{"0":{"name":"(anonymous_8)","decl":{"start":{"line":19,"column":21},"end":{"line":19,"column":22}},"loc":{"start":{"line":19,"column":34},"end":{"line":968,"column":1}}},"1":{"name":"(anonymous_9)","decl":{"start":{"line":50,"column":4},"end":{"line":50,"column":11}},"loc":{"start":{"line":50,"column":58},"end":{"line":56,"column":null}}},"2":{"name":"(anonymous_10)","decl":{"start":{"line":50,"column":58},"end":{"line":50,"column":null}},"loc":{"start":{"line":50,"column":58},"end":{"line":56,"column":5}}},"3":{"name":"(anonymous_11)","decl":{"start":{"line":137,"column":4},"end":{"line":137,"column":11}},"loc":{"start":{"line":137,"column":58},"end":{"line":143,"column":null}}},"4":{"name":"(anonymous_12)","decl":{"start":{"line":137,"column":58},"end":{"line":137,"column":null}},"loc":{"start":{"line":137,"column":58},"end":{"line":143,"column":5}}},"5":{"name":"(anonymous_13)","decl":{"start":{"line":253,"column":4},"end":{"line":253,"column":11}},"loc":{"start":{"line":253,"column":58},"end":{"line":259,"column":null}}},"6":{"name":"(anonymous_14)","decl":{"start":{"line":253,"column":58},"end":{"line":253,"column":null}},"loc":{"start":{"line":253,"column":58},"end":{"line":259,"column":5}}},"7":{"name":"(anonymous_15)","decl":{"start":{"line":409,"column":4},"end":{"line":409,"column":11}},"loc":{"start":{"line":409,"column":58},"end":{"line":415,"column":null}}},"8":{"name":"(anonymous_16)","decl":{"start":{"line":409,"column":58},"end":{"line":409,"column":null}},"loc":{"start":{"line":409,"column":58},"end":{"line":415,"column":5}}},"9":{"name":"(anonymous_17)","decl":{"start":{"line":539,"column":4},"end":{"line":539,"column":11}},"loc":{"start":{"line":539,"column":58},"end":{"line":547,"column":null}}},"10":{"name":"(anonymous_18)","decl":{"start":{"line":539,"column":58},"end":{"line":539,"column":null}},"loc":{"start":{"line":539,"column":58},"end":{"line":547,"column":5}}},"11":{"name":"(anonymous_19)","decl":{"start":{"line":594,"column":4},"end":{"line":594,"column":11}},"loc":{"start":{"line":594,"column":58},"end":{"line":602,"column":null}}},"12":{"name":"(anonymous_20)","decl":{"start":{"line":594,"column":58},"end":{"line":594,"column":null}},"loc":{"start":{"line":594,"column":58},"end":{"line":602,"column":5}}},"13":{"name":"(anonymous_21)","decl":{"start":{"line":680,"column":4},"end":{"line":680,"column":11}},"loc":{"start":{"line":680,"column":58},"end":{"line":688,"column":null}}},"14":{"name":"(anonymous_22)","decl":{"start":{"line":680,"column":58},"end":{"line":680,"column":null}},"loc":{"start":{"line":680,"column":58},"end":{"line":688,"column":5}}},"15":{"name":"(anonymous_23)","decl":{"start":{"line":774,"column":4},"end":{"line":774,"column":11}},"loc":{"start":{"line":774,"column":58},"end":{"line":782,"column":null}}},"16":{"name":"(anonymous_24)","decl":{"start":{"line":774,"column":58},"end":{"line":774,"column":null}},"loc":{"start":{"line":774,"column":58},"end":{"line":782,"column":5}}},"17":{"name":"(anonymous_25)","decl":{"start":{"line":840,"column":4},"end":{"line":840,"column":11}},"loc":{"start":{"line":840,"column":58},"end":{"line":846,"column":null}}},"18":{"name":"(anonymous_26)","decl":{"start":{"line":840,"column":58},"end":{"line":840,"column":null}},"loc":{"start":{"line":840,"column":58},"end":{"line":846,"column":5}}}},"branchMap":{"0":{"loc":{"start":{"line":52,"column":6},"end":{"line":54,"column":null}},"type":"if","locations":[{"start":{"line":52,"column":6},"end":{
[...]
lumn":2}},"9":{"start":{"line":13,"column":2},"end":{"line":13,"column":41}},"10":{"start":{"line":16,"column":14},"end":{"line":37,"column":2}},"11":{"start":{"line":16,"column":45},"end":{"line":37,"column":2}},"12":{"start":{"line":17,"column":13},"end":{"line":22,"column":4}},"13":{"start":{"line":23,"column":2},"end":{"line":25,"column":null}},"14":{"start":{"line":24,"column":4},"end":{"line":24,"column":57}},"15":{"start":{"line":27,"column":2},"end":{"line":29,"column":null}},"16":{"start":{"line":28,"column":4},"end":{"line":28,"column":57}},"17":{"start":{"line":30,"column":16},"end":{"line":30,"column":49}},"18":{"start":{"line":31,"column":23},"end":{"line":31,"column":62}},"19":{"start":{"line":32,"column":44},"end":{"line":32,"column":59}},"20":{"start":{"line":32,"column":26},"end":{"line":32,"column":31}},"21":{"start":{"line":32,"column":39},"end":{"line":32,"column":44}},"22":{"start":{"line":33,"column":2},"end":{"line":36,"column":4}},"23":{"start":{"line":39,"column":15},"end":{"line":41,"column":1}},"24":{"start":{"line":40,"column":2},"end":{"line":40,"column":32}},"25":{"start":{"line":43,"column":20},"end":{"line":51,"column":2}},"26":{"start":{"line":43,"column":51},"end":{"line":51,"column":2}},"27":{"start":{"line":44,"column":2},"end":{"line":50,"column":5}},"28":{"start":{"line":53,"column":17},"end":{"line":60,"column":2}},"29":{"start":{"line":53,"column":28},"end":{"line":60,"column":2}},"30":{"start":{"line":54,"column":2},"end":{"line":59,"column":5}},"31":{"start":{"line":62,"column":26},"end":{"line":69,"column":2}},"32":{"start":{"line":62,"column":49},"end":{"line":69,"column":2}},"33":{"start":{"line":63,"column":2},"end":{"line":68,"column":5}},"34":{"start":{"line":71,"column":15},"end":{"line":107,"column":2}},"35":{"start":{"line":71,"column":46},"end":{"line":107,"column":2}},"36":{"start":{"line":72,"column":15},"end":{"line":74,"column":4}},"37":{"start":{"line":75,"column":2},"end":{"line":77,"column":null}},"38":{"start":{"line":76,"column":4},"end":{"line":76,"column":53}},"39":{"start":{"line":78,"column":21},"end":{"line":79,"column":null}},"40":{"start":{"line":81,"column":2},"end":{"line":83,"column":null}},"41":{"start":{"line":82,"column":4},"end":{"line":82,"column":55}},"42":{"start":{"line":84,"column":33},"end":{"line":84,"column":70}},"43":{"start":{"line":85,"column":2},"end":{"line":100,"column":5}},"44":{"start":{"line":101,"column":2},"end":{"line":106,"column":5}},"45":{"start":{"line":109,"column":23},"end":{"line":138,"column":2}},"46":{"start":{"line":109,"column":71},"end":{"line":138,"column":2}},"47":{"start":{"line":110,"column":15},"end":{"line":112,"column":4}},"48":{"start":{"line":113,"column":2},"end":{"line":115,"column":null}},"49":{"start":{"line":114,"column":4},"end":{"line":114,"column":57}},"50":{"start":{"line":117,"column":2},"end":{"line":130,"column":4}},"51":{"start":{"line":131,"column":2},"end":{"line":137,"column":5}},"52":{"start":{"line":140,"column":19},"end":{"line":161,"column":2}},"53":{"start":{"line":140,"column":44},"end":{"line":161,"column":2}},"54":{"start":{"line":141,"column":15},"end":{"line":143,"column":4}},"55":{"start":{"line":144,"column":2},"end":{"line":146,"column":null}},"56":{"start":{"line":145,"column":4},"end":{"line":145,"column":57}},"57":{"start":{"line":147,"column":2},"end":{"line":152,"column":null}},"58":{"start":{"line":148,"column":4},"end":{"line":151,"column":6}},"59":{"start":{"line":153,"column":2},"end":{"line":160,"column":4}},"60":{"start":{"line":163,"column":20},"end":{"line":171,"column":2}},"61":{"start":{"line":163,"column":31},"end":{"line":171,"column":2}},"62":{"start":{"line":164,"column":2},"end":{"line":170,"column":5}},"63":{"start":{"line":173,"column":32},"end":{"line":180,"column":2}},"64":{"start":{"line":173,"column":64},"end":{"line":180,"column":2}},"65":{"start":{"line":174,"column":2},"end":{"line":179,"column":5}},"66":{"start":{"line":182,"column":30},"end":{"line":192,"column":2}},"67":{"start":{"line":185,"column":4},"end":{"line":192,"column":2}},"68":{"start":{"line":186,"column":2},"end":{"line":191,"column":5}},"69":{"start":{"line":194,"column":25},"end":{"line":237,"column":2}},"70":{"start":{"line":194,"column":75},"end":{"line":237,"column":2}},"71":{"start":{"line":195,"column":15},"end":{"line":197,"column":4}},"72":{"start":{"line":198,"column":2},"end":{"line":200,"column":null}},"73":{"start":{"line":199,"column":4},"end":{"line":199,"column":57}},"74":{"start":{"line":202,"column":20},"end":{"line":203,"column":null}},"75":{"start":{"line":205,"column":2},"end":{"line":207,"column":null}},"76":{"start":{"line":206,"column":4},"end":{"line":206,"column":55}},"77":{"start":{"line":208,"column":2},"end":{"line":210,"column":null}},"78":{"start":{"line":209,"column":4},"end":{"line":209,"column":69}},"79":{"start":{"line":211,"column":2},"end":{"line":229,"column":4}},"80":{"start":{"line":230,"column":2},"end":{"line":236,"column":5}},"81":{"start":{"line":239,"column":21},"end":{"line":284,"column":2}},"82":{"start":{"line":239,"column":70},"end":{"line":284,"column":2}},"83":{"start":{"line":240,"column":2},"end":{"line":258,"column":4}},"84":{"start":{"line":259,"column":15},"end":{"line":265,"column":4}},"85":{"start":{"line":267,"column":2},"end":{"line":269,"column":null}},"86":{"start":{"line":268,"column":4},"end":{"line":268,"column":54}},"87":{"start":{"line":271,"column":2},"end":{"line":283,"column":4}},"88":{"start":{"line":286,"column":22},"end":{"line":294,"column":2}},"89":{"start":{"line":286,"column":48},"end":{"line":294,"column":2}},"90":{"start":{"line":287,"column":2},"end":{"line":293,"column":5}},"91":{"start":{"line":296,"column":23},"end":{"line":312,"column":2}},"92":{"start":{"line":296,"column":48},"end":{"line":312,"column":2}},"93":{"start":{"line":297,"column":15},"end":{"line":299,"column":4}},"94":{"start":{"line":300,"column":2},"end":{"line":302,"column":null}},"95":{"start":{"line":301,"column":4},"end":{"line":301,"column":57}},"96":{"start":{"line":303,"column":2},"end":{"line":308,"column":null}},"97":{"start":{"line":304,"column":4},"end":{"line":307,"column":6}},"98":{"start":{"line":309,"column":2},"end":{"line":311,"column":5}},"99":{"start":{"line":314,"column":21},"end":{"line":330,"column":2}},"100":{"start":{"line":332,"column":0},"end":{"line":332,"column":28}}},"fnMap":{"0":{"name":"(anonymous_9)","decl":{"start":{"line":12,"column":25},"end":{"line":12,"column":32}},"loc":{"start":{"line":12,"column":52},"end":{"line":14,"column":2}}},"1":{"name":"(anonymous_10)","decl":{"start":{"line":12,"column":52},"end":{"line":12,"column":null}},"loc":{"start":{"line":12,"column":52},"end":{"line":14,"column":1}}},"2":{"name":"(anonymous_11)","decl":{"start":{"line":16,"column":14},"end":{"line":16,"column":21}},"loc":{"start":{"line":16,"column":45},"end":{"line":37,"column":2}}},"3":{"name":"(anonymous_12)","decl":{"start":{"line":16,"column":45},"end":{"line":16,"column":null}},"loc":{"start":{"line":16,"column":45},"end":{"line":37,"column":1}}},"4":{"name":"(anonymous_13)","decl":{"start":{"line":39,"column":15},"end":{"line":39,"column":18}},"loc":{"start":{"line":39,"column":20},"end":{"line":41,"column":1}}},"5":{"name":"(anonymous_14)","decl":{"start":{"line":43,"column":20},"end":{"line":43,"column":27}},"loc":{"start":{"line":43,"column":51},"end":{"line":51,"column":2}}},"6":{"name":"(anonymous_15)","decl":{"start":{"line":43,"column":51},"end":{"line":43,"column":null}},"loc":{"start":{"line":43,"column":51},"end":{"line":51,"column":1}}},"7":{"name":"(anonymous_16)","decl":{"start":{"line":53,"column":17},"end":{"line":53,"column":26}},"loc":{"start":{"line":53,"column":28},"end":{"line":60,"column":2}}},"8":{"name":"(anonymous_17)","decl":{"start":{"line":53,"column":28},"end":{"line":53,"column":null}},"loc":{"start":{"line":53,"column":28},"end":{"line":60,"column":1}}},"9":{"name":"(anonymous_18)","decl":{"start":{"line":62,"column":26},"end":{"line":62,"column":33}},"loc":{"start":{"line":62,"column":49},"end":{"line":69,"column":2}}},"10":{"name":"(anonymous_19)","decl":{"start":{"line":62,"column":49},"end":{"line":62,"column":null}},"loc":{"start":{"line":62,"column":49},"end":{"line":69,"column":1}}},"11":{"name":"(anonymous_20)","decl":{"start":{"line":71,"column":15},"end":{"line":71,"column":22}},"loc":{"start":{"line":71,"column":46},"end":{"line":107,"column":2}}},"12":{"name":"(anonymous_21)","decl":{"start":{"line":71,"column":46},"end":{"line":71,"column":null}},"loc":{"start":{"line":71,"column":46},"end":{"line":107,"column":1}}},"13":{"name":"(anonymous_22)","decl":{"start":{"line":109,"column":23},"end":{"line":109,"column":30}},"loc":{"start":{"line":109,"column":71},"end":{"line":138,"column":2}}},"14":{"name":"(anonymous_23)","decl":{"start":{"line":109,"column":71},"end":{"line":109,"column":null}},"loc":{"start":{"line":109,"column":71},"end":{"line":138,"column":1}}},"15":{"name":"(anonymous_24)","decl":{"start":{"line":140,"column":19},"end":{"line":140,"column":26}},"loc":{"start":{"line":140,"column":44},"end":{"line":161,"column":2}}},"16":{"name":"(anonymous_25)","decl":{"start":{"line":140,"column":44},"end":{"line":140,"column":null}},"loc":{"start":{"line":140,"column":44},"end":{"line":161,"column":1}}},"17":{"name":"(anonymous_26)","decl":{"start":{"line":163,"column":20},"end":{"line":163,"column":29}},"loc":{"start":{"line":163,"column":31},"end":{"line":171,"column":2}}},"18":{"name":"(anonymous_27)","decl":{"start":{"line":163,"column":31},"end":{"line":163,"column":null}},"loc":{"start":{"line":163,"column":31},"end":{"line":171,"column":1}}},"19":{"name":"(anonymous_28)","decl":{"start":{"line":173,"column":32},"end":{"line":173,"column":39}},"loc":{"start":{"line":173,"column":64},"end":{"line":180,"column":2}}},"20":{"name":"(anonymous_29)","decl":{"start":{"line":173,"column":64},"end":{"line":173,"column":null}},"loc":{"start":{"line":173,"column":64},"end":{"line":180,"column":1}}},"21":{"name":"(anonymous_30)","decl":{"start":{"line":182,"column":30},"end":{"line":182,"column":null}},"loc":{"start":{"line":185,"column":4},"end":{"line":192,"column":2}}},"22":{"name":"(anonymous_31)","decl":{"start":{"line":185,"column":4},"end":{"line":185,"column":null}},"loc":{"start":{"line":185,"column":4},"end":{"line":192,"column":1}}},"23":{"name":"(anonymous_32)","decl":{"start":{"line":194,"column":25},"end":{"line":194,"column":32}},"loc":{"start":{"line":194,"column":75},"end":{"line":237,"column":2}}},"24":{"name":"(anonymous_33)","decl":{"start":{"line":194,"column":75},"end":{"line":194,"column":null}},"loc":{"start":{"line":194,"column":75},"end":{"line":237,"column":1}}},"25":{"name":"(anonymous_34)","decl":{"start":{"line":239,"column":21},"end":{"line":239,"column":28}},"loc":{"start":{"line":239,"column":70},"end":{"line":284,"column":2}}},"26":{"name":"(anonymous_35)","decl":{"start":{"line":239,"column":70},"end":{"line":239,"column":null}},"loc":{"start":{"line":239,"column":70},"end":{"line":284,"column":1}}},"27":{"name":"(anonymous_36)","decl":{"start":{"line":286,"column":22},"end":{"line":286,"column":29}},"loc":{"start":{"line":286,"column":48},"end":{"line":294,"column":2}}},"28":{"name":"(anonymous_37)","decl":{"start":{"line":286,"column":48},"end":{"line":286,"column":null}},"loc":{"start":{"line":286,"column":48},"end":{"line":294,"column":1}}},"29":{"name":"(anonymous_38)","decl":{"start":{"line":296,"column":23},"end":{"line":296,"column":30}},"loc":{"start":{"line":296,"column":48},"end":{"line":312,"column":2}}},"30":{"name":"(anonymous_39)","decl":{"start":{"line":296,"column":48},"end":{"line":296,"column":null}},"loc":{"start":{"line":296,"column":48},"end":{"line":312,"column":1}}}},"branchMap":{"0":{"loc":{"start":{"line":23,"column":2},"end":{"line":25,"column":null}},"type":"if","locations":[{"start":{"line":23,"column":2},"end":{"line":25,"column":null}}]},"1":{"loc":{"start":{"line":27,"column":2},"end":{"line":29,"column":null}},"type":"if","locations":[{"start":{"line":27,"column":2},"end":{"line":29,"column":null}}]},"2":{"loc":{"start":{"line":75,"column":2},"end":{"line":77,"column":null}},"type":"if","locations":[{"start":{"line":75,"column":2},"end":{"line":77,"column":null}}]},"3":{"loc":{"start":{"line":81,"column":2},"end":{"line":83,"column":null}},"type":"if","locations":[{"start":{"line":81,"column":2},"end":{"line":83,"column":null}}]},"4":{"loc":{"start":{"line":89,"column":12},"end":{"line":89,"column":29}},"type":"binary-expr","locations":[{"start":{"line":89,"column":12},"end":{"line":89,"column":23}},{"start":{"line":89,"column":27},"end":{"line":89,"column":29}}]},"5":{"loc":{"start":{"line":90,"column":12},"end":{"line":90,"column":31}},"type":"binary-expr","locations":[{"start":{"line":90,"column":12},"end":{"line":90,"column":23}},{"start":{"line":90,"column":27},"end":{"line":90,"column":31}}]},"6":{"loc":{"start":{"line":95,"column":31},"end":{"line":95,"column":69}},"type":"binary-expr","locations":[{"start":{"line":95,"column":31},"end":{"line":95,"column":61}},{"start":{"line":95,"column":65},"end":{"line":95,"column":69}}]},"7":{"loc":{"start":{"line":97,"column":14},"end":{"line":97,"column":32}},"type":"binary-expr","locations":[{"start":{"line":97,"column":14},"end":{"line":97,"column":27}},{"start":{"line":97,"column":31},"end":{"line":97,"column":32}}]},"8":{"loc":{"start":{"line":99,"column":19},"end":{"line":99,"column":42}},"type":"binary-expr","locations":[{"start":{"line":99,"column":19},"end":{"line":99,"column":37}},{"start":{"line":99,"column":41},"end":{"line":99,"column":42}}]},"9":{"loc":{"start":{"line":113,"column":2},"end":{"line":115,"column":null}},"type":"if","locations":[{"start":{"line":113,"column":2},"end":{"line":115,"column":null}}]},"10":{"loc":{"start":{"line":144,"column":2},"end":{"line":146,"column":null}},"type":"if","locations":[{"start":{"line":144,"column":2},"end":{"line":146,"column":null}}]},"11":{"loc":{"start":{"line":147,"column":2},"end":{"line":152,"column":null}},"type":"if","locations":[{"start":{"line":147,"column":2},"end":{"line":152,"column":null}}]},"12":{"loc":{"start":{"line":198,"column":2},"end":{"line":200,"column":null}},"type":"if","locations":[{"start":{"line":198,"column":2},"end":{"line":200,"column":null}}]},"13":{"loc":{"start":{"line":205,"column":2},"end":{"line":207,"column":null}},"type":"if","locations":[{"start":{"line":205,"column":2},"end":{"line":207,"column":null}}]},"14":{"loc":{"start":{"line":208,"column":2},"end":{"line":210,"column":null}},"type":"if","locations":[{"start":{"line":208,"column":2},"end":{"line":210,"column":null}}]},"15":{"loc":{"start":{"line":208,"column":6},"end":{"line":208,"column":74}},"type":"binary-expr","locations":[{"start":{"line":208,"column":6},"end":{"line":208,"column":46}},{"start":{"line":208,"column":50},"end":{"line":208,"column":74}}]},"16":{"loc":{"start":{"line":220,"column":33},"end":{"line":220,"column":71}},"type":"binary-expr","locations":[{"start":{"line":220,"column":33},"end":{"line":220,"column":63}},{"start":{"line":220,"column":67},"end":{"line":220,"column":71}}]},"17":{"loc":{"start":{"line":224,"column":21},"end":{"line":224,"column":44}},"type":"binary-expr","locations":[{"start":{"line":224,"column":21},"end":{"line":224,"column":39}},{"start":{"line":224,"column":43},"end":{"line":224,"column":44}}]},"18":{"loc":{"start":{"line":267,"column":2},"end":{"line":269,"column":null}},"type":"if","locations":[{"start":{"line":267,"column":2},"end":{"line":269,"column":null}}]},"19":{"loc":{"start":{"line":267,"column":6},"end":{"line":267,"column":34}},"type":"binary-expr","locations":[{"start":{"line":267,"column":6},"end":{"line":267,"column":11}},{"start":{"line":267,"column":15},"end":{"line":267,"column":34}}]},"20":{"loc":{"start":{"line":300,"column":2},"end":{"line":302,"column":null}},"type":"if","locations":[{"start":{"line":300,"column":2},"end":{"line":302,"column":null}}]},"21":{"loc":{"start":{"line":303,"column":2},"end":{"line":308,"column":null}},"type":"if","locations":[{"start":{"line":303,"column":2},"end":{"line":308,"column":null}}]}},"s":{"0":4,"1":4,"2":4,"3":4,"4":4,"5":4,"6":4,"7":4,"8":0,"9":0,"10":4,"11":8,"12":8,"13":8,"14":1,"15":7,"16":0,"17":7,"18":7,"19":7,"20":7,"21":7,"22":7,"23":4,"24":0,"25":4,"26":2,"27":2,"28":4,"29":4,"30":4,"31":4,"32":4,"33":4,"34":4,"35":0,"36":0,"37":0,"38":0,"39":0,"40":0,"41":0,"42":0,"43":0,"44":0,"45":4,"46":2,"47":2,"48":2,"49":0,"50":2,"51":2,"52":4,"53":0,"54":0,"55":0,"56":0,"57":0,"58":0,"59":0,"60":4,"61":2,"62":2,"63":4,"64":0,"65":0,"66":4,"67":0,"68":0,"69":4,"70":4,"71":4,"72":4,"73":1,"74":3,"75":3,"76":1,"77":2,"78":0,"79":2,"80":2,"81":4,"82":0,"83":0,"84":0,"85":0,"86":0,"87":0,"88":4,"89":3,"90":3,"91":4,"92":0,"93":0,"94":0,"95":0,"96":0,"97":0,"98":0,"99":4,"100":4},"f":{"0":0,"1":0,"2":8,"3":8,"4":0,"5":2,"6":2,"7":4,"8":4,"9":4,"10":4,"11":0,"12":0,"13":2,"14":2,"15":0,"16":0,"17":2,"18":2,"19":0,"20":0,"21":0,"22":0,"23":4,"24":4,"25":0,"26":0,"27":3,"28":3,"29":0,"30":0},"b":{"0":[1],"1":[0],"2":[0],"3":[0],"4":[0,0],"5":[0,0],"6":[0,0],"7":[0,0],"8":[0,0],"9":[0],"10":[0],"11":[0],"12":[1],"13":[1],"14":[0],"15":[2,0],"16":[2,0],"17":[2,2],"18":[0],"19":[0,0],"20":[0],"21":[0]}}
,"D:\\Company\\PROJECTWSM\\backendwsm\\src\\test\\seed\\seed.ts": {"path":"D:\\Company\\PROJECTWSM\\backendwsm\\src\\test\\seed\\seed.ts","statementMap":{"0":{"start":{"line":1,"column":0},"end":{"line":1,"column":39}},"1":{"start":{"line":3,"column":25},"end":{"line":20,"column":2}},"2":{"start":{"line":3,"column":36},"end":{"line":20,"column":2}},"3":{"start":{"line":4,"column":2},"end":{"line":19,"column":5}},"4":{"start":{"line":3,"column":13},"end":{"line":3,"column":25}},"5":{"start":{"line":22,"column":26},"end":{"line":39,"column":2}},"6":{"start":{"line":22,"column":37},"end":{"line":39,"column":2}},"7":{"start":{"line":23,"column":2},"end":{"line":38,"column":5}},"8":{"start":{"line":22,"column":13},"end":{"line":22,"column":26}}},"fnMap":{"0":{"name":"(anonymous_8)","decl":{"start":{"line":3,"column":25},"end":{"line":3,"column":34}},"loc":{"start":{"line":3,"column":36},"end":{"line":20,"column":2}}},"1":{"name":"(anonymous_9)","decl":{"start":{"line":3,"column":36},"end":{"line":3,"column":null}},"loc":{"start":{"line":3,"column":36},"end":{"line":20,"column":1}}},"2":{"name":"(anonymous_10)","decl":{"start":{"line":22,"column":26},"end":{"line":22,"column":35}},"loc":{"start":{"line":22,"column":37},"end":{"line":39,"column":2}}},"3":{"name":"(anonymous_11)","decl":{"start":{"line":22,"column":37},"end":{"line":22,"column":null}},"loc":{"start":{"line":22,"column":37},"end":{"line":39,"column":1}}}},"branchMap":{},"s":{"0":2,"1":2,"2":2,"3":2,"4":2,"5":2,"6":2,"7":2,"8":2},"f":{"0":2,"1":2,"2":2,"3":2},"b":{}}
,"D:\\Company\\PROJECTWSM\\backendwsm\\src\\test\\token\\getToken.ts": {"path":"D:\\Company\\PROJECTWSM\\backendwsm\\src\\test\\token\\getToken.ts","statementMap":{"0":{"start":{"line":2,"column":24},"end":{"line":13,"column":1}},"1":{"start":{"line":3,"column":2},"end":{"line":12,"column":4}},"2":{"start":{"line":6,"column":27},"end":{"line":6,"column":56}},"3":{"start":{"line":10,"column":27},"end":{"line":10,"column":63}},"4":{"start":{"line":2,"column":13},"end":{"line":2,"column":24}}},"fnMap":{"0":{"name":"(anonymous_0)","decl":{"start":{"line":2,"column":24},"end":{"line":2,"column":25}},"loc":{"start":{"line":2,"column":55},"end":{"line":13,"column":1}}},"1":{"name":"(anonymous_1)","decl":{"start":{"line":6,"column":12},"end":{"line":6,"column":13}},"loc":{"start":{"line":6,"column":27},"end":{"line":6,"column":56}}},"2":{"name":"(anonymous_2)","decl":{"start":{"line":10,"column":12},"end":{"line":10,"column":13}},"loc":{"start":{"line":10,"column":27},"end":{"line":10,"column":63}}}},"branchMap":{},"s":{"0":4,"1":12,"2":12,"3":12,"4":4},"f":{"0":12,"1":12,"2":12},"b":{}}
}
