TN:
SF:src\index.ts
FN:53,(anonymous_1)
FNF:1
FNH:0
FNDA:0,(anonymous_1)
DA:1,4
DA:2,4
DA:3,4
DA:4,4
DA:5,4
DA:6,4
DA:7,4
DA:8,4
DA:9,4
DA:10,4
DA:11,4
DA:12,4
DA:13,4
DA:15,4
DA:17,4
DA:19,4
DA:21,4
DA:27,4
DA:28,4
DA:29,4
DA:30,4
DA:37,4
DA:44,4
DA:45,4
DA:46,4
DA:49,4
DA:51,4
DA:52,4
DA:53,4
DA:54,0
DA:57,4
LF:31
LH:30
BRDA:45,0,0,4
BRDA:45,0,1,0
BRF:2
BRH:1
end_of_record
TN:
SF:src\swagger.ts
FN:39,swaggerDocs
FN:41,(anonymous_2)
FNF:2
FNH:1
FNDA:4,swaggerDocs
FNDA:0,(anonymous_2)
DA:2,4
DA:3,4
DA:5,4
DA:37,4
DA:40,4
DA:41,4
DA:42,0
DA:43,0
DA:45,4
DA:48,4
LF:10
LH:8
BRF:0
BRH:0
end_of_record
TN:
SF:src\controllers\departmentController.ts
FN:6,(anonymous_8)
FN:10,(anonymous_9)
FN:18,(anonymous_10)
FN:24,(anonymous_11)
FN:24,(anonymous_12)
FN:32,(anonymous_13)
FN:36,(anonymous_14)
FN:48,(anonymous_15)
FN:52,(anonymous_16)
FN:57,(anonymous_17)
FN:57,(anonymous_18)
FNF:11
FNH:0
FNDA:0,(anonymous_8)
FNDA:0,(anonymous_9)
FNDA:0,(anonymous_10)
FNDA:0,(anonymous_11)
FNDA:0,(anonymous_12)
FNDA:0,(anonymous_13)
FNDA:0,(anonymous_14)
FNDA:0,(anonymous_15)
FNDA:0,(anonymous_16)
FNDA:0,(anonymous_17)
FNDA:0,(anonymous_18)
DA:1,4
DA:3,4
DA:6,4
DA:10,0
DA:11,0
DA:13,0
DA:14,0
DA:17,0
DA:19,0
DA:24,4
DA:25,0
DA:26,0
DA:27,0
DA:29,0
DA:32,4
DA:36,0
DA:37,0
DA:41,0
DA:42,0
DA:44,0
DA:48,4
DA:52,0
DA:53,0
DA:54,0
DA:57,4
DA:58,0
DA:61,0
DA:62,0
DA:64,0
DA:67,4
DA:74,4
LF:31
LH:9
BRDA:13,0,0,0
BRDA:26,1,0,0
BRDA:41,2,0,0
BRDA:41,2,1,0
BRDA:61,3,0,0
BRF:5
BRH:0
end_of_record
TN:
SF:src\controllers\requestController.ts
FN:7,(anonymous_8)
FN:7,(anonymous_9)
FN:13,(anonymous_10)
FN:13,(anonymous_11)
FN:27,(anonymous_12)
FN:27,(anonymous_13)
FN:37,(anonymous_14)
FN:41,(anonymous_15)
FN:53,(anonymous_16)
FN:57,(anonymous_17)
FN:73,(anonymous_18)
FN:73,(anonymous_19)
FN:85,(anonymous_20)
FN:85,(anonymous_21)
FN:97,(anonymous_22)
FN:97,(anonymous_23)
FN:102,(anonymous_24)
FN:102,(anonymous_25)
FNF:18
FNH:0
FNDA:0,(anonymous_8)
FNDA:0,(anonymous_9)
FNDA:0,(anonymous_10)
FNDA:0,(anonymous_11)
FNDA:0,(anonymous_12)
FNDA:0,(anonymous_13)
FNDA:0,(anonymous_14)
FNDA:0,(anonymous_15)
FNDA:0,(anonymous_16)
FNDA:0,(anonymous_17)
FNDA:0,(anonymous_18)
FNDA:0,(anonymous_19)
FNDA:0,(anonymous_20)
FNDA:0,(anonymous_21)
FNDA:0,(anonymous_22)
FNDA:0,(anonymous_23)
FNDA:0,(anonymous_24)
FNDA:0,(anonymous_25)
DA:1,4
DA:2,4
DA:4,4
DA:5,4
DA:7,4
DA:8,0
DA:9,0
DA:10,0
DA:13,4
DA:14,0
DA:20,0
DA:21,0
DA:23,0
DA:27,4
DA:28,0
DA:31,0
DA:32,0
DA:34,0
DA:37,4
DA:41,0
DA:42,0
DA:47,0
DA:48,0
DA:50,0
DA:53,4
DA:57,0
DA:58,0
DA:59,0
DA:60,0
DA:61,0
DA:63,0
DA:64,0
DA:65,0
DA:66,0
DA:67,0
DA:69,0
DA:73,4
DA:74,0
DA:78,0
DA:79,0
DA:81,0
DA:82,0
DA:85,4
DA:86,0
DA:90,0
DA:91,0
DA:93,0
DA:94,0
DA:97,4
DA:98,0
DA:99,0
DA:102,4
DA:103,0
DA:104,0
DA:105,0
DA:107,0
DA:110,4
DA:122,4
LF:58
LH:15
BRDA:20,0,0,0
BRDA:20,0,1,0
BRDA:31,1,0,0
BRDA:47,2,0,0
BRDA:58,3,0,0
BRDA:58,3,1,0
BRDA:60,4,0,0
BRDA:64,5,0,0
BRDA:66,6,0,0
BRDA:78,7,0,0
BRDA:90,8,0,0
BRDA:104,9,0,0
BRF:12
BRH:0
end_of_record
TN:
SF:src\controllers\timeKeepingController.ts
FN:5,(anonymous_8)
FN:5,(anonymous_9)
FN:13,(anonymous_10)
FN:13,(anonymous_11)
FN:21,(anonymous_12)
FN:25,(anonymous_13)
FN:35,(anonymous_14)
FN:35,(anonymous_15)
FNF:8
FNH:0
FNDA:0,(anonymous_8)
FNDA:0,(anonymous_9)
FNDA:0,(anonymous_10)
FNDA:0,(anonymous_11)
FNDA:0,(anonymous_12)
FNDA:0,(anonymous_13)
FNDA:0,(anonymous_14)
FNDA:0,(anonymous_15)
DA:1,4
DA:2,4
DA:5,4
DA:6,0
DA:7,0
DA:8,0
DA:10,0
DA:13,4
DA:14,0
DA:15,0
DA:16,0
DA:18,0
DA:21,4
DA:25,0
DA:26,0
DA:29,0
DA:30,0
DA:32,0
DA:35,4
DA:36,0
DA:40,0
DA:41,0
DA:43,0
DA:44,0
DA:45,0
DA:49,0
DA:54,4
DA:61,4
LF:28
LH:8
BRDA:7,0,0,0
BRDA:15,1,0,0
BRDA:29,2,0,0
BRDA:40,3,0,0
BRDA:40,3,1,0
BRDA:43,4,0,0
BRDA:43,4,1,0
BRDA:45,5,0,0
BRDA:46,6,0,0
BRDA:46,6,1,0
BRF:10
BRH:0
end_of_record
TN:
SF:src\controllers\uploadController.ts
FN:5,uploadController
FN:6,(anonymous_2)
FNF:2
FNH:0
FNDA:0,uploadController
FNDA:0,(anonymous_2)
DA:2,4
DA:3,4
DA:5,4
DA:6,0
DA:7,0
DA:8,0
DA:9,0
DA:10,0
DA:12,0
LF:9
LH:3
BRDA:7,0,0,0
BRDA:7,0,1,0
BRDA:9,1,0,0
BRDA:9,1,1,0
BRF:4
BRH:0
end_of_record
TN:
SF:src\controllers\userController.ts
FN:6,(anonymous_8)
FN:6,(anonymous_9)
FN:22,(anonymous_10)
FN:30,(anonymous_11)
FN:30,(anonymous_12)
FN:39,(anonymous_13)
FN:39,(anonymous_14)
FN:62,(anonymous_15)
FN:62,(anonymous_16)
FN:83,(anonymous_17)
FN:87,(anonymous_18)
FN:99,(anonymous_19)
FN:99,(anonymous_20)
FN:104,(anonymous_21)
FN:104,(anonymous_22)
FN:108,(anonymous_23)
FN:117,(anonymous_24)
FN:121,(anonymous_25)
FN:127,(anonymous_26)
FN:136,(anonymous_27)
FN:136,(anonymous_28)
FN:144,(anonymous_29)
FN:144,(anonymous_30)
FNF:23
FNH:13
FNDA:8,(anonymous_8)
FNDA:8,(anonymous_9)
FNDA:0,(anonymous_10)
FNDA:0,(anonymous_11)
FNDA:0,(anonymous_12)
FNDA:2,(anonymous_13)
FNDA:2,(anonymous_14)
FNDA:2,(anonymous_15)
FNDA:2,(anonymous_16)
FNDA:4,(anonymous_17)
FNDA:4,(anonymous_18)
FNDA:0,(anonymous_19)
FNDA:0,(anonymous_20)
FNDA:2,(anonymous_21)
FNDA:2,(anonymous_22)
FNDA:2,(anonymous_23)
FNDA:0,(anonymous_24)
FNDA:0,(anonymous_25)
FNDA:0,(anonymous_26)
FNDA:3,(anonymous_27)
FNDA:3,(anonymous_28)
FNDA:0,(anonymous_29)
FNDA:0,(anonymous_30)
DA:1,4
DA:2,4
DA:6,8
DA:7,8
DA:8,7
DA:13,7
DA:19,7
DA:22,4
DA:23,0
DA:24,0
DA:25,0
DA:26,0
DA:30,4
DA:31,0
DA:32,0
DA:33,0
DA:35,0
DA:39,4
DA:40,2
DA:41,2
DA:42,0
DA:43,2
DA:44,0
DA:47,2
DA:48,2
DA:51,2
DA:62,4
DA:63,2
DA:64,2
DA:65,2
DA:66,2
DA:69,2
DA:79,0
DA:83,4
DA:87,4
DA:88,4
DA:92,2
DA:93,2
DA:95,0
DA:99,4
DA:100,0
DA:101,0
DA:104,4
DA:105,2
DA:106,2
DA:107,2
DA:109,2
DA:113,0
DA:117,4
DA:121,0
DA:122,0
DA:125,0
DA:126,0
DA:128,0
DA:132,0
DA:136,4
DA:137,3
DA:138,3
DA:139,1
DA:141,2
DA:144,4
DA:145,0
DA:146,0
DA:149,4
DA:162,4
LF:65
LH:42
BRDA:32,0,0,0
BRDA:32,0,1,0
BRDA:41,1,0,0
BRDA:41,1,1,2
BRDA:41,2,0,2
BRDA:41,2,1,0
BRDA:43,3,0,0
BRDA:43,4,0,2
BRDA:43,4,1,0
BRDA:54,5,0,0
BRDA:54,5,1,2
BRDA:54,6,0,2
BRDA:54,6,1,2
BRDA:57,7,0,2
BRDA:57,7,1,0
BRDA:64,8,0,2
BRDA:64,8,1,0
BRDA:72,9,0,2
BRDA:72,9,1,0
BRDA:75,10,0,2
BRDA:75,10,1,0
BRDA:92,11,0,2
BRDA:92,11,1,0
BRDA:106,12,0,2
BRDA:106,12,1,0
BRDA:125,13,0,0
BRDA:125,13,1,0
BRDA:138,14,0,1
BRF:28
BRH:13
end_of_record
TN:
SF:src\database\config\config.ts
FNF:0
FNH:0
DA:1,4
DA:2,4
DA:3,4
LF:3
LH:3
BRDA:5,0,0,4
BRDA:5,0,1,0
BRDA:9,1,0,4
BRDA:9,1,1,0
BRDA:14,2,0,4
BRDA:14,2,1,0
BRDA:18,3,0,4
BRDA:18,3,1,0
BRDA:23,4,0,4
BRDA:23,4,1,0
BRDA:27,5,0,4
BRDA:27,5,1,0
BRF:12
BRH:6
end_of_record
TN:
SF:src\database\config\connectDB.ts
FN:18,(anonymous_8)
FN:18,(anonymous_9)
FNF:2
FNH:2
FNDA:4,(anonymous_8)
FNDA:4,(anonymous_9)
DA:1,4
DA:2,4
DA:3,4
DA:6,4
DA:8,4
DA:18,4
DA:19,4
DA:20,4
DA:21,4
DA:23,0
DA:27,4
LF:11
LH:10
BRDA:6,0,0,0
BRDA:6,1,0,0
BRF:2
BRH:0
end_of_record
TN:
SF:src\database\models\departments.ts
FN:4,(anonymous_0)
FN:20,(anonymous_1)
FNF:2
FNH:2
FNDA:4,(anonymous_0)
FNDA:4,(anonymous_1)
DA:1,4
DA:4,4
DA:22,4
DA:27,4
DA:58,4
LF:5
LH:5
BRF:0
BRH:0
end_of_record
TN:
SF:src\database\models\index.ts
FN:24,(anonymous_0)
FN:29,(anonymous_1)
FN:37,(anonymous_2)
FNF:3
FNH:3
FNDA:20,(anonymous_0)
FNDA:16,(anonymous_1)
FNDA:16,(anonymous_2)
DA:3,4
DA:4,4
DA:5,4
DA:6,4
DA:7,4
DA:8,4
DA:9,4
DA:12,4
DA:13,0
DA:15,4
DA:23,4
DA:25,20
DA:30,16
DA:34,16
DA:37,4
DA:38,16
DA:39,16
DA:43,4
DA:44,4
DA:46,4
LF:20
LH:19
BRDA:7,0,0,4
BRDA:7,0,1,0
BRDA:12,1,0,0
BRDA:12,1,1,4
BRDA:26,2,0,20
BRDA:26,2,1,20
BRDA:26,2,2,16
BRDA:38,3,0,16
BRF:8
BRH:6
end_of_record
TN:
SF:src\database\models\requests.ts
FN:4,(anonymous_0)
FN:25,(anonymous_1)
FNF:2
FNH:2
FNDA:4,(anonymous_0)
FNDA:4,(anonymous_1)
DA:1,4
DA:4,4
DA:27,4
DA:32,4
DA:97,4
LF:5
LH:5
BRF:0
BRH:0
end_of_record
TN:
SF:src\database\models\timeKeepings.ts
FN:4,(anonymous_0)
FN:19,(anonymous_1)
FNF:2
FNH:2
FNDA:4,(anonymous_0)
FNDA:4,(anonymous_1)
DA:1,4
DA:4,4
DA:21,4
DA:26,4
DA:55,4
LF:5
LH:5
BRF:0
BRH:0
end_of_record
TN:
SF:src\database\models\users.ts
FN:4,(anonymous_0)
FN:28,(anonymous_1)
FNF:2
FNH:2
FNDA:4,(anonymous_0)
FNDA:4,(anonymous_1)
DA:1,4
DA:4,4
DA:30,4
DA:33,4
DA:36,4
DA:41,4
DA:120,4
LF:7
LH:7
BRF:0
BRH:0
end_of_record
TN:
SF:src\logs\createLog.ts
FN:19,(anonymous_1)
FNF:1
FNH:0
FNDA:0,(anonymous_1)
DA:1,4
DA:2,4
DA:3,4
DA:4,4
DA:5,4
DA:6,4
DA:8,0
DA:11,4
DA:19,4
DA:23,4
LF:10
LH:9
BRDA:6,0,0,0
BRF:1
BRH:0
end_of_record
TN:
SF:src\mail\mailServices\detailMail.ts
FN:3,(anonymous_0)
FNF:1
FNH:0
FNDA:0,(anonymous_0)
DA:3,4
DA:4,0
LF:2
LH:1
BRF:0
BRH:0
end_of_record
TN:
SF:src\mail\mailServices\emailServices.ts
FN:6,(anonymous_8)
FN:6,(anonymous_9)
FNF:2
FNH:0
FNDA:0,(anonymous_8)
FNDA:0,(anonymous_9)
DA:2,4
DA:3,4
DA:4,4
DA:5,4
DA:6,4
DA:7,0
DA:23,0
DA:43,4
LF:8
LH:6
BRF:0
BRH:0
end_of_record
TN:
SF:src\mail\queues\email.queue.ts
FN:19,(anonymous_1)
FNF:1
FNH:0
FNDA:0,(anonymous_1)
DA:1,4
DA:2,4
DA:3,4
DA:7,4
DA:15,4
DA:17,4
DA:19,4
DA:20,0
DA:27,4
LF:9
LH:8
BRF:0
BRH:0
end_of_record
TN:
SF:src\middlewares\errorHandler.ts
FN:7,(anonymous_0)
FN:13,(anonymous_1)
FNF:2
FNH:2
FNDA:34,(anonymous_0)
FNDA:39,(anonymous_1)
DA:1,4
DA:3,4
DA:8,34
DA:9,34
DA:13,4
DA:19,39
DA:20,39
DA:21,39
DA:22,39
LF:9
LH:9
BRDA:19,0,0,39
BRDA:19,0,1,5
BRDA:20,1,0,39
BRDA:20,1,1,0
BRF:4
BRH:3
end_of_record
TN:
SF:src\middlewares\validate.ts
FN:6,(anonymous_0)
FN:17,(anonymous_1)
FN:55,(anonymous_2)
FN:84,(anonymous_3)
FN:104,(anonymous_4)
FN:111,(anonymous_5)
FN:119,(anonymous_6)
FN:131,(anonymous_7)
FN:147,(anonymous_8)
FN:149,(anonymous_9)
FN:155,(anonymous_10)
FNF:11
FNH:10
FNDA:4,(anonymous_0)
FNDA:4,(anonymous_1)
FNDA:4,(anonymous_2)
FNDA:4,(anonymous_3)
FNDA:4,(anonymous_4)
FNDA:4,(anonymous_5)
FNDA:8,(anonymous_6)
FNDA:0,(anonymous_7)
FNDA:22,(anonymous_8)
FNDA:22,(anonymous_9)
FNDA:4,(anonymous_10)
DA:1,4
DA:2,4
DA:3,4
DA:4,4
DA:6,4
DA:7,4
DA:17,4
DA:18,4
DA:55,4
DA:56,4
DA:84,4
DA:85,4
DA:104,4
DA:105,4
DA:111,4
DA:112,4
DA:119,4
DA:120,8
DA:131,4
DA:132,0
DA:147,4
DA:148,22
DA:149,22
DA:150,22
DA:152,22
DA:155,4
DA:156,4
DA:164,4
DA:177,4
LF:29
LH:28
BRF:0
BRH:0
end_of_record
TN:
SF:src\middlewares\verifyRole.ts
FN:12,(anonymous_8)
FN:16,(anonymous_9)
FN:30,(anonymous_10)
FN:34,(anonymous_11)
FN:48,(anonymous_12)
FN:52,(anonymous_13)
FN:66,(anonymous_14)
FN:70,(anonymous_15)
FNF:8
FNH:2
FNDA:0,(anonymous_8)
FNDA:0,(anonymous_9)
FNDA:0,(anonymous_10)
FNDA:0,(anonymous_11)
FNDA:20,(anonymous_12)
FNDA:20,(anonymous_13)
FNDA:0,(anonymous_14)
FNDA:0,(anonymous_15)
DA:1,4
DA:3,4
DA:6,4
DA:12,4
DA:16,0
DA:17,0
DA:20,0
DA:21,0
DA:23,0
DA:24,0
DA:26,0
DA:30,4
DA:34,0
DA:35,0
DA:38,0
DA:39,0
DA:41,0
DA:42,0
DA:44,0
DA:48,4
DA:52,20
DA:53,20
DA:56,20
DA:57,0
DA:59,20
DA:60,17
DA:62,3
DA:66,4
DA:70,0
DA:71,0
DA:74,0
DA:75,0
DA:77,0
DA:78,0
DA:80,0
LF:35
LH:13
BRDA:20,0,0,0
BRDA:23,1,0,0
BRDA:23,1,1,0
BRDA:38,2,0,0
BRDA:41,3,0,0
BRDA:41,3,1,0
BRDA:56,4,0,0
BRDA:59,5,0,17
BRDA:59,5,1,3
BRDA:74,6,0,0
BRDA:77,7,0,0
BRDA:77,7,1,0
BRF:12
BRH:2
end_of_record
TN:
SF:src\middlewares\verifyToken.ts
FN:6,(anonymous_7)
FN:10,(anonymous_8)
FNF:2
FNH:2
FNDA:46,(anonymous_7)
FNDA:46,(anonymous_8)
DA:1,4
DA:2,4
DA:4,4
DA:6,4
DA:10,46
DA:11,46
DA:13,46
DA:14,5
DA:16,41
DA:17,41
DA:18,20
DA:19,20
DA:21,21
DA:22,16
DA:23,16
DA:34,16
DA:35,16
DA:41,16
DA:42,16
DA:44,0
LF:20
LH:19
BRDA:13,0,0,5
BRDA:22,1,0,16
BRF:2
BRH:2
end_of_record
TN:
SF:src\routers\Router.ts
FN:19,(anonymous_8)
FN:50,(anonymous_9)
FN:50,(anonymous_10)
FN:137,(anonymous_11)
FN:137,(anonymous_12)
FN:253,(anonymous_13)
FN:253,(anonymous_14)
FN:409,(anonymous_15)
FN:409,(anonymous_16)
FN:539,(anonymous_17)
FN:539,(anonymous_18)
FN:594,(anonymous_19)
FN:594,(anonymous_20)
FN:680,(anonymous_21)
FN:680,(anonymous_22)
FN:774,(anonymous_23)
FN:774,(anonymous_24)
FN:840,(anonymous_25)
FN:840,(anonymous_26)
FNF:19
FNH:7
FNDA:4,(anonymous_8)
FNDA:10,(anonymous_9)
FNDA:10,(anonymous_10)
FNDA:14,(anonymous_11)
FNDA:14,(anonymous_12)
FNDA:12,(anonymous_13)
FNDA:12,(anonymous_14)
FNDA:0,(anonymous_15)
FNDA:0,(anonymous_16)
FNDA:0,(anonymous_17)
FNDA:0,(anonymous_18)
FNDA:0,(anonymous_19)
FNDA:0,(anonymous_20)
FNDA:0,(anonymous_21)
FNDA:0,(anonymous_22)
FNDA:0,(anonymous_23)
FNDA:0,(anonymous_24)
FNDA:0,(anonymous_25)
FNDA:0,(anonymous_26)
DA:1,4
DA:2,4
DA:3,4
DA:4,4
DA:5,4
DA:6,4
DA:7,4
DA:8,4
DA:9,4
DA:10,4
DA:11,4
DA:16,4
DA:19,4
DA:47,4
DA:50,10
DA:51,10
DA:52,10
DA:53,2
DA:55,8
DA:71,4
DA:91,4
DA:133,4
DA:137,14
DA:138,14
DA:139,14
DA:140,12
DA:142,2
DA:160,4
DA:180,4
DA:248,4
DA:253,12
DA:254,12
DA:255,12
DA:256,8
DA:258,4
DA:283,4
DA:311,4
DA:337,4
DA:404,4
DA:409,0
DA:410,0
DA:411,0
DA:412,0
DA:414,0
DA:420,4
DA:451,4
DA:467,4
DA:495,4
DA:534,4
DA:539,0
DA:540,0
DA:541,0
DA:542,0
DA:545,0
DA:589,4
DA:594,0
DA:595,0
DA:596,0
DA:597,0
DA:600,0
DA:628,4
DA:676,4
DA:680,0
DA:681,0
DA:682,0
DA:683,0
DA:686,0
DA:701,4
DA:722,4
DA:770,4
DA:774,0
DA:775,0
DA:776,0
DA:777,0
DA:780,0
DA:806,4
DA:835,4
DA:840,0
DA:841,0
DA:842,0
DA:843,0
DA:845,0
DA:863,4
DA:891,4
DA:912,4
DA:930,4
DA:948,4
DA:966,4
DA:967,4
DA:969,4
LF:90
LH:60
BRDA:52,0,0,2
BRDA:139,1,0,12
BRDA:255,2,0,8
BRDA:411,3,0,0
BRDA:541,4,0,0
BRDA:596,5,0,0
BRDA:682,6,0,0
BRDA:776,7,0,0
BRDA:842,8,0,0
BRF:9
BRH:3
end_of_record
TN:
SF:src\services\createToken.ts
FN:9,(anonymous_1)
FN:24,(anonymous_2)
FNF:2
FNH:2
FNDA:7,(anonymous_1)
FNDA:7,(anonymous_2)
DA:1,4
DA:7,4
DA:9,4
DA:10,7
DA:24,4
DA:25,7
DA:39,4
DA:44,4
LF:8
LH:8
BRDA:4,0,0,0
BRDA:5,1,0,0
BRDA:6,2,0,0
BRF:3
BRH:0
end_of_record
TN:
SF:src\services\departmentServices.ts
FN:9,(anonymous_8)
FN:9,(anonymous_9)
FN:15,(anonymous_10)
FN:15,(anonymous_11)
FN:40,(anonymous_12)
FN:43,(anonymous_13)
FN:88,(anonymous_14)
FN:88,(anonymous_15)
FN:114,(anonymous_16)
FN:114,(anonymous_17)
FN:132,(anonymous_18)
FN:132,(anonymous_19)
FNF:12
FNH:2
FNDA:0,(anonymous_8)
FNDA:0,(anonymous_9)
FNDA:0,(anonymous_10)
FNDA:0,(anonymous_11)
FNDA:0,(anonymous_12)
FNDA:0,(anonymous_13)
FNDA:0,(anonymous_14)
FNDA:0,(anonymous_15)
FNDA:0,(anonymous_16)
FNDA:0,(anonymous_17)
FNDA:3,(anonymous_18)
FNDA:3,(anonymous_19)
DA:1,4
DA:2,4
DA:3,4
DA:5,4
DA:6,4
DA:7,4
DA:9,4
DA:10,0
DA:15,4
DA:16,0
DA:23,0
DA:24,0
DA:26,0
DA:27,0
DA:28,0
DA:30,0
DA:35,0
DA:40,4
DA:43,0
DA:44,0
DA:51,0
DA:52,0
DA:55,0
DA:56,0
DA:57,0
DA:61,0
DA:62,0
DA:64,0
DA:67,0
DA:70,0
DA:71,0
DA:73,0
DA:83,0
DA:88,4
DA:89,0
DA:92,0
DA:93,0
DA:98,0
DA:101,0
DA:102,0
DA:104,0
DA:114,4
DA:115,0
DA:118,0
DA:119,0
DA:120,0
DA:122,0
DA:132,4
DA:133,3
DA:138,4
DA:147,4
LF:51
LH:15
BRDA:23,0,0,0
BRDA:27,1,0,0
BRDA:51,2,0,0
BRDA:56,3,0,0
BRDA:61,4,0,0
BRDA:70,5,0,0
BRDA:92,6,0,0
BRDA:101,7,0,0
BRDA:119,8,0,0
BRF:9
BRH:0
end_of_record
TN:
SF:src\services\requestServices.ts
FN:7,(anonymous_8)
FN:11,(anonymous_9)
FN:24,(anonymous_10)
FN:29,(anonymous_11)
FN:57,(anonymous_12)
FN:57,(anonymous_13)
FN:63,(anonymous_14)
FN:63,(anonymous_15)
FN:69,(anonymous_16)
FN:69,(anonymous_17)
FN:75,(anonymous_18)
FN:75,(anonymous_19)
FN:90,(anonymous_20)
FN:94,(anonymous_21)
FN:106,(anonymous_22)
FN:106,(anonymous_23)
FN:136,(anonymous_24)
FN:136,(anonymous_25)
FN:163,(anonymous_26)
FN:163,(anonymous_27)
FNF:20
FNH:0
FNDA:0,(anonymous_8)
FNDA:0,(anonymous_9)
FNDA:0,(anonymous_10)
FNDA:0,(anonymous_11)
FNDA:0,(anonymous_12)
FNDA:0,(anonymous_13)
FNDA:0,(anonymous_14)
FNDA:0,(anonymous_15)
FNDA:0,(anonymous_16)
FNDA:0,(anonymous_17)
FNDA:0,(anonymous_18)
FNDA:0,(anonymous_19)
FNDA:0,(anonymous_20)
FNDA:0,(anonymous_21)
FNDA:0,(anonymous_22)
FNDA:0,(anonymous_23)
FNDA:0,(anonymous_24)
FNDA:0,(anonymous_25)
FNDA:0,(anonymous_26)
FNDA:0,(anonymous_27)
DA:1,4
DA:2,4
DA:4,4
DA:7,4
DA:11,0
DA:12,0
DA:24,4
DA:29,0
DA:30,0
DA:33,0
DA:34,0
DA:36,0
DA:52,0
DA:57,4
DA:58,0
DA:63,4
DA:64,0
DA:69,4
DA:70,0
DA:75,4
DA:76,0
DA:90,4
DA:94,0
DA:95,0
DA:96,0
DA:100,0
DA:106,4
DA:108,0
DA:111,0
DA:112,0
DA:118,0
DA:128,0
DA:136,4
DA:137,0
DA:141,0
DA:142,0
DA:148,0
DA:157,0
DA:163,4
DA:164,0
DA:168,0
DA:169,0
DA:172,0
DA:182,4
DA:194,4
LF:45
LH:15
BRDA:33,0,0,0
BRDA:95,1,0,0
BRDA:95,1,1,0
BRDA:111,2,0,0
BRDA:141,3,0,0
BRDA:168,4,0,0
BRF:6
BRH:0
end_of_record
TN:
SF:src\services\sendMailServices.ts
FN:6,(anonymous_8)
FN:19,(anonymous_9)
FN:22,(anonymous_11)
FNF:3
FNH:1
FNDA:4,(anonymous_8)
FNDA:0,(anonymous_9)
FNDA:0,(anonymous_11)
DA:1,4
DA:2,4
DA:3,4
DA:5,4
DA:6,4
DA:8,4
DA:9,4
DA:14,4
DA:15,4
DA:16,4
DA:17,4
DA:19,4
DA:20,0
DA:21,0
DA:22,0
DA:23,0
DA:29,0
LF:17
LH:12
BRDA:21,0,0,0
BRF:1
BRH:0
end_of_record
TN:
SF:src\services\timeKeepingServices.ts
FN:9,(anonymous_8)
FN:9,(anonymous_9)
FN:32,(anonymous_10)
FN:32,(anonymous_11)
FN:59,(anonymous_12)
FN:59,(anonymous_13)
FN:65,(anonymous_14)
FN:65,(anonymous_15)
FNF:8
FNH:0
FNDA:0,(anonymous_8)
FNDA:0,(anonymous_9)
FNDA:0,(anonymous_10)
FNDA:0,(anonymous_11)
FNDA:0,(anonymous_12)
FNDA:0,(anonymous_13)
FNDA:0,(anonymous_14)
FNDA:0,(anonymous_15)
DA:1,4
DA:2,4
DA:5,4
DA:6,4
DA:9,4
DA:10,0
DA:14,0
DA:15,0
DA:18,0
DA:19,0
DA:21,0
DA:27,0
DA:32,4
DA:33,0
DA:34,0
DA:35,0
DA:43,0
DA:44,0
DA:47,0
DA:54,0
DA:59,4
DA:60,0
DA:65,4
DA:66,0
DA:73,4
DA:79,4
LF:26
LH:10
BRDA:18,0,0,0
BRDA:43,1,0,0
BRF:2
BRH:0
end_of_record
TN:
SF:src\services\uploadServices.ts
FN:8,(anonymous_1)
FN:12,(anonymous_2)
FN:23,(anonymous_3)
FN:36,(anonymous_4)
FN:38,(anonymous_5)
FNF:5
FNH:0
FNDA:0,(anonymous_1)
FNDA:0,(anonymous_2)
FNDA:0,(anonymous_3)
FNDA:0,(anonymous_4)
FNDA:0,(anonymous_5)
DA:1,4
DA:2,4
DA:3,4
DA:4,4
DA:7,4
DA:9,0
DA:13,0
DA:20,4
DA:24,0
DA:25,0
DA:26,0
DA:27,0
DA:28,0
DA:30,0
DA:31,0
DA:36,4
DA:37,0
DA:38,0
DA:39,0
DA:40,0
DA:46,4
DA:50,4
LF:22
LH:9
BRDA:27,0,0,0
BRDA:27,0,1,0
BRDA:27,1,0,0
BRDA:27,1,1,0
BRDA:37,2,0,0
BRDA:37,3,0,0
BRDA:37,3,1,0
BRDA:39,4,0,0
BRF:8
BRH:0
end_of_record
TN:
SF:src\services\userServices.ts
FN:12,(anonymous_9)
FN:12,(anonymous_10)
FN:16,(anonymous_11)
FN:16,(anonymous_12)
FN:39,(anonymous_13)
FN:43,(anonymous_14)
FN:43,(anonymous_15)
FN:53,(anonymous_16)
FN:53,(anonymous_17)
FN:62,(anonymous_18)
FN:62,(anonymous_19)
FN:71,(anonymous_20)
FN:71,(anonymous_21)
FN:109,(anonymous_22)
FN:109,(anonymous_23)
FN:140,(anonymous_24)
FN:140,(anonymous_25)
FN:163,(anonymous_26)
FN:163,(anonymous_27)
FN:173,(anonymous_28)
FN:173,(anonymous_29)
FN:182,(anonymous_30)
FN:185,(anonymous_31)
FN:194,(anonymous_32)
FN:194,(anonymous_33)
FN:239,(anonymous_34)
FN:239,(anonymous_35)
FN:286,(anonymous_36)
FN:286,(anonymous_37)
FN:296,(anonymous_38)
FN:296,(anonymous_39)
FNF:31
FNH:16
FNDA:0,(anonymous_9)
FNDA:0,(anonymous_10)
FNDA:8,(anonymous_11)
FNDA:8,(anonymous_12)
FNDA:0,(anonymous_13)
FNDA:2,(anonymous_14)
FNDA:2,(anonymous_15)
FNDA:4,(anonymous_16)
FNDA:4,(anonymous_17)
FNDA:4,(anonymous_18)
FNDA:4,(anonymous_19)
FNDA:0,(anonymous_20)
FNDA:0,(anonymous_21)
FNDA:2,(anonymous_22)
FNDA:2,(anonymous_23)
FNDA:0,(anonymous_24)
FNDA:0,(anonymous_25)
FNDA:2,(anonymous_26)
FNDA:2,(anonymous_27)
FNDA:0,(anonymous_28)
FNDA:0,(anonymous_29)
FNDA:0,(anonymous_30)
FNDA:0,(anonymous_31)
FNDA:4,(anonymous_32)
FNDA:4,(anonymous_33)
FNDA:0,(anonymous_34)
FNDA:0,(anonymous_35)
FNDA:3,(anonymous_36)
FNDA:3,(anonymous_37)
FNDA:0,(anonymous_38)
FNDA:0,(anonymous_39)
DA:1,4
DA:2,4
DA:3,4
DA:4,4
DA:6,4
DA:7,4
DA:8,4
DA:12,4
DA:13,0
DA:16,8
DA:17,8
DA:23,8
DA:24,1
DA:27,7
DA:28,0
DA:30,7
DA:31,7
DA:32,7
DA:33,7
DA:39,4
DA:40,0
DA:43,4
DA:44,2
DA:53,4
DA:54,4
DA:62,4
DA:63,4
DA:71,4
DA:72,0
DA:75,0
DA:76,0
DA:78,0
DA:81,0
DA:82,0
DA:84,0
DA:85,0
DA:101,0
DA:109,4
DA:110,2
DA:113,2
DA:114,0
DA:117,2
DA:131,2
DA:140,4
DA:141,0
DA:144,0
DA:145,0
DA:147,0
DA:148,0
DA:153,0
DA:163,4
DA:164,2
DA:173,4
DA:174,0
DA:182,4
DA:185,0
DA:186,0
DA:194,4
DA:195,4
DA:198,4
DA:199,1
DA:202,3
DA:205,3
DA:206,1
DA:208,2
DA:209,0
DA:211,2
DA:230,2
DA:239,4
DA:240,0
DA:259,0
DA:267,0
DA:268,0
DA:271,0
DA:286,4
DA:287,3
DA:296,4
DA:297,0
DA:300,0
DA:301,0
DA:303,0
DA:304,0
DA:309,0
DA:314,4
DA:332,4
LF:85
LH:51
BRDA:23,0,0,1
BRDA:27,1,0,0
BRDA:75,2,0,0
BRDA:81,3,0,0
BRDA:89,4,0,0
BRDA:89,4,1,0
BRDA:90,5,0,0
BRDA:90,5,1,0
BRDA:95,6,0,0
BRDA:95,6,1,0
BRDA:97,7,0,0
BRDA:97,7,1,0
BRDA:99,8,0,0
BRDA:99,8,1,0
BRDA:113,9,0,0
BRDA:144,10,0,0
BRDA:147,11,0,0
BRDA:198,12,0,1
BRDA:205,13,0,1
BRDA:208,14,0,0
BRDA:208,15,0,2
BRDA:208,15,1,0
BRDA:220,16,0,2
BRDA:220,16,1,0
BRDA:224,17,0,2
BRDA:224,17,1,2
BRDA:267,18,0,0
BRDA:267,19,0,0
BRDA:267,19,1,0
BRDA:300,20,0,0
BRDA:303,21,0,0
BRF:31
BRH:7
end_of_record
TN:
SF:src\test\seed\seed.ts
FN:3,(anonymous_8)
FN:3,(anonymous_9)
FN:22,(anonymous_10)
FN:22,(anonymous_11)
FNF:4
FNH:4
FNDA:2,(anonymous_8)
FNDA:2,(anonymous_9)
FNDA:2,(anonymous_10)
FNDA:2,(anonymous_11)
DA:1,2
DA:3,2
DA:4,2
DA:22,2
DA:23,2
LF:5
LH:5
BRF:0
BRH:0
end_of_record
TN:
SF:src\test\token\getToken.ts
FN:2,(anonymous_0)
FN:6,(anonymous_1)
FN:10,(anonymous_2)
FNF:3
FNH:3
FNDA:12,(anonymous_0)
FNDA:12,(anonymous_1)
FNDA:12,(anonymous_2)
DA:2,4
DA:3,12
DA:6,12
DA:10,12
LF:4
LH:4
BRF:0
BRH:0
end_of_record
